-------------------------------------------------------------------------------
Test set: ca.mcgill.ecse321.eventregistration.EventregistrationApplicationTests
-------------------------------------------------------------------------------
Tests run: 1, Failures: 0, Errors: 1, Skipped: 0, Time elapsed: 5.929 s <<< FAILURE! - in ca.mcgill.ecse321.eventregistration.EventregistrationApplicationTests
contextLoads(ca.mcgill.ecse321.eventregistration.EventregistrationApplicationTests)  Time elapsed: 0.056 s  <<< ERROR!
java.lang.IllegalStateException: Failed to load ApplicationContext
Caused by: org.springframework.beans.factory.BeanCreationException: Error creating bean with name 'entityManagerFactory' defined in class path resource [org/springframework/boot/autoconfigure/orm/jpa/HibernateJpaConfiguration.class]: Invocation of init method failed; nested exception is java.lang.NoClassDefFoundError: javax/xml/bind/JAXBException
Caused by: java.lang.NoClassDefFoundError: javax/xml/bind/JAXBException
Caused by: java.lang.ClassNotFoundException: javax.xml.bind.JAXBException

