<?xml version="1.0" encoding="UTF-8"?>
<testsuite xmlns:xsi="http://www.w3.org/2001/XMLSchema-instance" xsi:noNamespaceSchemaLocation="https://maven.apache.org/surefire/maven-surefire-plugin/xsd/surefire-test-report.xsd" name="ca.mcgill.ecse321.eventregistration.EventregistrationApplicationTests" time="5.929" tests="1" errors="1" skipped="0" failures="0">
  <properties>
[...]
</properties>
  <testcase name="contextLoads" classname="ca.mcgill.ecse321.eventregistration.EventregistrationApplicationTests" time="0.056">
    <error message="Failed to load ApplicationContext" type="java.lang.IllegalStateException">java.lang.IllegalStateException: Failed to load ApplicationContext
Caused by: org.springframework.beans.factory.BeanCreationException: Error creating bean with name 'entityManagerFactory' defined in class path resource [org/springframework/boot/autoconfigure/orm/jpa/HibernateJpaConfiguration.class]: Invocation of init method failed; nested exception is java.lang.NoClassDefFoundError: javax/xml/bind/JAXBException
Caused by: java.lang.NoClassDefFoundError: javax/xml/bind/JAXBException
Caused by: java.lang.ClassNotFoundException: javax.xml.bind.JAXBException
</error>
    <system-out><![CDATA[16:42:04.326 [main] DEBUG org.springframework.test.context.junit4.SpringJUnit4ClassRunner - SpringJUnit4ClassRunner constructor called with [class ca.mcgill.ecse321.eventregistration.EventregistrationApplicationTests]
16:42:04.334 [main] DEBUG org.springframework.test.context.BootstrapUtils - Instantiating CacheAwareContextLoaderDelegate from class [org.springframework.test.context.cache.DefaultCacheAwareContextLoaderDelegate]
16:42:04.343 [main] DEBUG org.springframework.test.context.BootstrapUtils - Instantiating BootstrapContext using constructor [public org.springframework.test.context.support.DefaultBootstrapContext(java.lang.Class,org.springframework.test.context.CacheAwareContextLoaderDelegate)]
16:42:04.372 [main] DEBUG org.springframework.test.context.BootstrapUtils - Instantiating TestContextBootstrapper for test class [ca.mcgill.ecse321.eventregistration.EventregistrationApplicationTests] from class [org.springframework.boot.test.context.SpringBootTestContextBootstrapper]
16:42:04.386 [main] INFO org.springframework.boot.test.context.SpringBootTestContextBootstrapper - Neither @ContextConfiguration nor @ContextHierarchy found for test class [ca.mcgill.ecse321.eventregistration.EventregistrationApplicationTests], using SpringBootContextLoader
16:42:04.390 [main] DEBUG org.springframework.test.context.support.AbstractContextLoader - Did not detect default resource location for test class [ca.mcgill.ecse321.eventregistration.EventregistrationApplicationTests]: class path resource [ca/mcgill/ecse321/eventregistration/EventregistrationApplicationTests-context.xml] does not exist
16:42:04.391 [main] DEBUG org.springframework.test.context.support.AbstractContextLoader - Did not detect default resource location for test class [ca.mcgill.ecse321.eventregistration.EventregistrationApplicationTests]: class path resource [ca/mcgill/ecse321/eventregistration/EventregistrationApplicationTestsContext.groovy] does not exist
16:42:04.391 [main] INFO org.springframework.test.context.support.AbstractContextLoader - Could not detect default resource locations for test class [ca.mcgill.ecse321.eventregistration.EventregistrationApplicationTests]: no resource found for suffixes {-context.xml, Context.groovy}.
16:42:04.392 [main] INFO org.springframework.test.context.support.AnnotationConfigContextLoaderUtils - Could not detect default configuration classes for test class [ca.mcgill.ecse321.eventregistration.EventregistrationApplicationTests]: EventregistrationApplicationTests does not declare any static, non-private, non-final, nested classes annotated with @Configuration.
16:42:04.439 [main] DEBUG org.springframework.test.context.support.ActiveProfilesUtils - Could not find an 'annotation declaring class' for annotation type [org.springframework.test.context.ActiveProfiles] and class [ca.mcgill.ecse321.eventregistration.EventregistrationApplicationTests]
16:42:04.446 [main] DEBUG org.springframework.core.env.StandardEnvironment - Adding PropertySource 'systemProperties' with lowest search precedence
16:42:04.446 [main] DEBUG org.springframework.core.env.StandardEnvironment - Adding PropertySource 'systemEnvironment' with lowest search precedence
16:42:04.447 [main] DEBUG org.springframework.core.env.StandardEnvironment - Initialized StandardEnvironment with PropertySources [MapPropertySource@1424082571 {name='systemProperties', properties={gopherProxySet=false, awt.toolkit=sun.lwawt.macosx.LWCToolkit, java.specification.version=10, file.encoding.pkg=sun.io, sun.cpu.isalist=, sun.jnu.encoding=UTF-8, java.class.path=/Users/jhu69/Desktop/ECSE_321/Sprint_1/SpringBootBackend/target/test-classes:/Users/jhu69/Desktop/ECSE_321/Sprint_1/SpringBootBackend/target/classes:/Users/jhu69/.m2/repository/org/springframework/boot/spring-boot-starter-data-jpa/2.0.5.RELEASE/spring-boot-starter-data-jpa-2.0.5.RELEASE.jar:/Users/jhu69/.m2/repository/org/springframework/boot/spring-boot-starter/2.0.5.RELEASE/spring-boot-starter-2.0.5.RELEASE.jar:/Users/jhu69/.m2/repository/org/springframework/boot/spring-boot/2.0.5.RELEASE/spring-boot-2.0.5.RELEASE.jar:/Users/jhu69/.m2/repository/org/springframework/boot/spring-boot-autoconfigure/2.0.5.RELEASE/spring-boot-autoconfigure-2.0.5.RELEASE.jar:/Users/jhu69/.m2/repository/org/springframework/boot/spring-boot-starter-logging/2.0.5.RELEASE/spring-boot-starter-logging-2.0.5.RELEASE.jar:/Users/jhu69/.m2/repository/ch/qos/logback/logback-classic/1.2.3/logback-classic-1.2.3.jar:/Users/jhu69/.m2/repository/ch/qos/logback/logback-core/1.2.3/logback-core-1.2.3.jar:/Users/jhu69/.m2/repository/org/apache/logging/log4j/log4j-to-slf4j/2.10.0/log4j-to-slf4j-2.10.0.jar:/Users/jhu69/.m2/repository/org/apache/logging/log4j/log4j-api/2.10.0/log4j-api-2.10.0.jar:/Users/jhu69/.m2/repository/org/slf4j/jul-to-slf4j/1.7.25/jul-to-slf4j-1.7.25.jar:/Users/jhu69/.m2/repository/javax/annotation/javax.annotation-api/1.3.2/javax.annotation-api-1.3.2.jar:/Users/jhu69/.m2/repository/org/yaml/snakeyaml/1.19/snakeyaml-1.19.jar:/Users/jhu69/.m2/repository/org/springframework/boot/spring-boot-starter-aop/2.0.5.RELEASE/spring-boot-starter-aop-2.0.5.RELEASE.jar:/Users/jhu69/.m2/repository/org/springframework/spring-aop/5.0.9.RELEASE/spring-aop-5.0.9.RELEASE.jar:/Users/jhu69/.m2/repository/org/aspectj/aspectjweaver/1.8.13/aspectjweaver-1.8.13.jar:/Users/jhu69/.m2/repository/org/springframework/boot/spring-boot-starter-jdbc/2.0.5.RELEASE/spring-boot-starter-jdbc-2.0.5.RELEASE.jar:/Users/jhu69/.m2/repository/com/zaxxer/HikariCP/2.7.9/HikariCP-2.7.9.jar:/Users/jhu69/.m2/repository/org/springframework/spring-jdbc/5.0.9.RELEASE/spring-jdbc-5.0.9.RELEASE.jar:/Users/jhu69/.m2/repository/javax/transaction/javax.transaction-api/1.2/javax.transaction-api-1.2.jar:/Users/jhu69/.m2/repository/org/springframework/data/spring-data-jpa/2.0.10.RELEASE/spring-data-jpa-2.0.10.RELEASE.jar:/Users/jhu69/.m2/repository/org/springframework/data/spring-data-commons/2.0.10.RELEASE/spring-data-commons-2.0.10.RELEASE.jar:/Users/jhu69/.m2/repository/org/springframework/spring-orm/5.0.9.RELEASE/spring-orm-5.0.9.RELEASE.jar:/Users/jhu69/.m2/repository/org/springframework/spring-context/5.0.9.RELEASE/spring-context-5.0.9.RELEASE.jar:/Users/jhu69/.m2/repository/org/springframework/spring-tx/5.0.9.RELEASE/spring-tx-5.0.9.RELEASE.jar:/Users/jhu69/.m2/repository/org/springframework/spring-beans/5.0.9.RELEASE/spring-beans-5.0.9.RELEASE.jar:/Users/jhu69/.m2/repository/org/slf4j/slf4j-api/1.7.25/slf4j-api-1.7.25.jar:/Users/jhu69/.m2/repository/org/springframework/spring-aspects/5.0.9.RELEASE/spring-aspects-5.0.9.RELEASE.jar:/Users/jhu69/.m2/repository/org/springframework/boot/spring-boot-starter-web/2.0.5.RELEASE/spring-boot-starter-web-2.0.5.RELEASE.jar:/Users/jhu69/.m2/repository/org/springframework/boot/spring-boot-starter-json/2.0.5.RELEASE/spring-boot-starter-json-2.0.5.RELEASE.jar:/Users/jhu69/.m2/repository/com/fasterxml/jackson/core/jackson-databind/2.9.6/jackson-databind-2.9.6.jar:/Users/jhu69/.m2/repository/com/fasterxml/jackson/core/jackson-annotations/2.9.0/jackson-annotations-2.9.0.jar:/Users/jhu69/.m2/repository/com/fasterxml/jackson/core/jackson-core/2.9.6/jackson-core-2.9.6.jar:/Users/jhu69/.m2/repository/com/fasterxml/jackson/datatype/jackson-datatype-jdk8/2.9.6/jackson-datatype-jdk8-2.9.6.jar:/Users/jhu69/.m2/repository/com/fasterxml/jackson/datatype/jackson-datatype-jsr310/2.9.6/jackson-datatype-jsr310-2.9.6.jar:/Users/jhu69/.m2/repository/com/fasterxml/jackson/module/jackson-module-parameter-names/2.9.6/jackson-module-parameter-names-2.9.6.jar:/Users/jhu69/.m2/repository/org/springframework/boot/spring-boot-starter-tomcat/2.0.5.RELEASE/spring-boot-starter-tomcat-2.0.5.RELEASE.jar:/Users/jhu69/.m2/repository/org/apache/tomcat/embed/tomcat-embed-core/8.5.34/tomcat-embed-core-8.5.34.jar:/Users/jhu69/.m2/repository/org/apache/tomcat/embed/tomcat-embed-el/8.5.34/tomcat-embed-el-8.5.34.jar:/Users/jhu69/.m2/repository/org/apache/tomcat/embed/tomcat-embed-websocket/8.5.34/tomcat-embed-websocket-8.5.34.jar:/Users/jhu69/.m2/repository/org/hibernate/validator/hibernate-validator/6.0.12.Final/hibernate-validator-6.0.12.Final.jar:/Users/jhu69/.m2/repository/javax/validation/validation-api/2.0.1.Final/validation-api-2.0.1.Final.jar:/Users/jhu69/.m2/repository/org/springframework/spring-web/5.0.9.RELEASE/spring-web-5.0.9.RELEASE.jar:/Users/jhu69/.m2/repository/org/springframework/spring-webmvc/5.0.9.RELEASE/spring-webmvc-5.0.9.RELEASE.jar:/Users/jhu69/.m2/repository/org/springframework/spring-expression/5.0.9.RELEASE/spring-expression-5.0.9.RELEASE.jar:/Users/jhu69/.m2/repository/org/postgresql/postgresql/42.2.5/postgresql-42.2.5.jar:/Users/jhu69/.m2/repository/org/springframework/boot/spring-boot-starter-test/2.0.5.RELEASE/spring-boot-starter-test-2.0.5.RELEASE.jar:/Users/jhu69/.m2/repository/org/springframework/boot/spring-boot-test/2.0.5.RELEASE/spring-boot-test-2.0.5.RELEASE.jar:/Users/jhu69/.m2/repository/org/springframework/boot/spring-boot-test-autoconfigure/2.0.5.RELEASE/spring-boot-test-autoconfigure-2.0.5.RELEASE.jar:/Users/jhu69/.m2/repository/com/jayway/jsonpath/json-path/2.4.0/json-path-2.4.0.jar:/Users/jhu69/.m2/repository/net/minidev/json-smart/2.3/json-smart-2.3.jar:/Users/jhu69/.m2/repository/net/minidev/accessors-smart/1.2/accessors-smart-1.2.jar:/Users/jhu69/.m2/repository/org/ow2/asm/asm/5.0.4/asm-5.0.4.jar:/Users/jhu69/.m2/repository/junit/junit/4.12/junit-4.12.jar:/Users/jhu69/.m2/repository/org/assertj/assertj-core/3.9.1/assertj-core-3.9.1.jar:/Users/jhu69/.m2/repository/org/mockito/mockito-core/2.15.0/mockito-core-2.15.0.jar:/Users/jhu69/.m2/repository/net/bytebuddy/byte-buddy-agent/1.7.11/byte-buddy-agent-1.7.11.jar:/Users/jhu69/.m2/repository/org/objenesis/objenesis/2.6/objenesis-2.6.jar:/Users/jhu69/.m2/repository/org/hamcrest/hamcrest-core/1.3/hamcrest-core-1.3.jar:/Users/jhu69/.m2/repository/org/hamcrest/hamcrest-library/1.3/hamcrest-library-1.3.jar:/Users/jhu69/.m2/repository/org/skyscreamer/jsonassert/1.5.0/jsonassert-1.5.0.jar:/Users/jhu69/.m2/repository/com/vaadin/external/google/android-json/0.0.20131108.vaadin1/android-json-0.0.20131108.vaadin1.jar:/Users/jhu69/.m2/repository/org/springframework/spring-core/5.0.9.RELEASE/spring-core-5.0.9.RELEASE.jar:/Users/jhu69/.m2/repository/org/springframework/spring-jcl/5.0.9.RELEASE/spring-jcl-5.0.9.RELEASE.jar:/Users/jhu69/.m2/repository/org/springframework/spring-test/5.0.9.RELEASE/spring-test-5.0.9.RELEASE.jar:/Users/jhu69/.m2/repository/org/xmlunit/xmlunit-core/2.5.1/xmlunit-core-2.5.1.jar:/Users/jhu69/.m2/repository/org/hibernate/hibernate-core/5.2.17.Final/hibernate-core-5.2.17.Final.jar:/Users/jhu69/.m2/repository/org/jboss/logging/jboss-logging/3.3.2.Final/jboss-logging-3.3.2.Final.jar:/Users/jhu69/.m2/repository/org/hibernate/javax/persistence/hibernate-jpa-2.1-api/1.0.2.Final/hibernate-jpa-2.1-api-1.0.2.Final.jar:/Users/jhu69/.m2/repository/org/javassist/javassist/3.22.0-GA/javassist-3.22.0-GA.jar:/Users/jhu69/.m2/repository/antlr/antlr/2.7.7/antlr-2.7.7.jar:/Users/jhu69/.m2/repository/org/jboss/spec/javax/transaction/jboss-transaction-api_1.2_spec/1.0.1.Final/jboss-transaction-api_1.2_spec-1.0.1.Final.jar:/Users/jhu69/.m2/repository/org/jboss/jandex/2.0.3.Final/jandex-2.0.3.Final.jar:/Users/jhu69/.m2/repository/com/fasterxml/classmate/1.3.4/classmate-1.3.4.jar:/Users/jhu69/.m2/repository/dom4j/dom4j/1.6.1/dom4j-1.6.1.jar:/Users/jhu69/.m2/repository/org/hibernate/common/hibernate-commons-annotations/5.0.1.Final/hibernate-commons-annotations-5.0.1.Final.jar:/Users/jhu69/.m2/repository/org/springframework/boot/spring-boot-starter-actuator/2.0.5.RELEASE/spring-boot-starter-actuator-2.0.5.RELEASE.jar:/Users/jhu69/.m2/repository/org/springframework/boot/spring-boot-actuator-autoconfigure/2.0.5.RELEASE/spring-boot-actuator-autoconfigure-2.0.5.RELEASE.jar:/Users/jhu69/.m2/repository/org/springframework/boot/spring-boot-actuator/2.0.5.RELEASE/spring-boot-actuator-2.0.5.RELEASE.jar:/Users/jhu69/.m2/repository/io/micrometer/micrometer-core/1.0.6/micrometer-core-1.0.6.jar:/Users/jhu69/.m2/repository/org/hdrhistogram/HdrHistogram/2.1.10/HdrHistogram-2.1.10.jar:/Users/jhu69/.m2/repository/org/latencyutils/LatencyUtils/2.0.3/LatencyUtils-2.0.3.jar:/Users/jhu69/.m2/repository/org/hibernate/hibernate-entitymanager/5.2.17.Final/hibernate-entitymanager-5.2.17.Final.jar:/Users/jhu69/.m2/repository/net/bytebuddy/byte-buddy/1.7.11/byte-buddy-1.7.11.jar:, java.vm.vendor="Oracle Corporation", sun.arch.data.model=64, java.vendor.url=http://java.oracle.com/, user.timezone=America/Montreal, os.name=Mac OS X, java.vm.specification.version=10, sun.java.launcher=SUN_STANDARD, user.country=CA, sun.boot.library.path=/Library/Java/JavaVirtualMachines/jdk-10.0.2.jdk/Contents/Home/lib, sun.java.command=/Users/jhu69/Desktop/ECSE_321/Sprint_1/SpringBootBackend/target/surefire/surefirebooter11211360325030662288.jar /Users/jhu69/Desktop/ECSE_321/Sprint_1/SpringBootBackend/target/surefire 2018-10-24T16-42-02_012-jvmRun1 surefire10904146061887347894tmp surefire_013845489578764475703tmp, http.nonProxyHosts=local|*.local|169.254/16|*.169.254/16, jdk.debug=release, surefire.test.class.path=/Users/jhu69/Desktop/ECSE_321/Sprint_1/SpringBootBackend/target/test-classes:/Users/jhu69/Desktop/ECSE_321/Sprint_1/SpringBootBackend/target/classes:/Users/jhu69/.m2/repository/org/springframework/boot/spring-boot-starter-data-jpa/2.0.5.RELEASE/spring-boot-starter-data-jpa-2.0.5.RELEASE.jar:/Users/jhu69/.m2/repository/org/springframework/boot/spring-boot-starter/2.0.5.RELEASE/spring-boot-starter-2.0.5.RELEASE.jar:/Users/jhu69/.m2/repository/org/springframework/boot/spring-boot/2.0.5.RELEASE/spring-boot-2.0.5.RELEASE.jar:/Users/jhu69/.m2/repository/org/springframework/boot/spring-boot-autoconfigure/2.0.5.RELEASE/spring-boot-autoconfigure-2.0.5.RELEASE.jar:/Users/jhu69/.m2/repository/org/springframework/boot/spring-boot-starter-logging/2.0.5.RELEASE/spring-boot-starter-logging-2.0.5.RELEASE.jar:/Users/jhu69/.m2/repository/ch/qos/logback/logback-classic/1.2.3/logback-classic-1.2.3.jar:/Users/jhu69/.m2/repository/ch/qos/logback/logback-core/1.2.3/logback-core-1.2.3.jar:/Users/jhu69/.m2/repository/org/apache/logging/log4j/log4j-to-slf4j/2.10.0/log4j-to-slf4j-2.10.0.jar:/Users/jhu69/.m2/repository/org/apache/logging/log4j/log4j-api/2.10.0/log4j-api-2.10.0.jar:/Users/jhu69/.m2/repository/org/slf4j/jul-to-slf4j/1.7.25/jul-to-slf4j-1.7.25.jar:/Users/jhu69/.m2/repository/javax/annotation/javax.annotation-api/1.3.2/javax.annotation-api-1.3.2.jar:/Users/jhu69/.m2/repository/org/yaml/snakeyaml/1.19/snakeyaml-1.19.jar:/Users/jhu69/.m2/repository/org/springframework/boot/spring-boot-starter-aop/2.0.5.RELEASE/spring-boot-starter-aop-2.0.5.RELEASE.jar:/Users/jhu69/.m2/repository/org/springframework/spring-aop/5.0.9.RELEASE/spring-aop-5.0.9.RELEASE.jar:/Users/jhu69/.m2/repository/org/aspectj/aspectjweaver/1.8.13/aspectjweaver-1.8.13.jar:/Users/jhu69/.m2/repository/org/springframework/boot/spring-boot-starter-jdbc/2.0.5.RELEASE/spring-boot-starter-jdbc-2.0.5.RELEASE.jar:/Users/jhu69/.m2/repository/com/zaxxer/HikariCP/2.7.9/HikariCP-2.7.9.jar:/Users/jhu69/.m2/repository/org/springframework/spring-jdbc/5.0.9.RELEASE/spring-jdbc-5.0.9.RELEASE.jar:/Users/jhu69/.m2/repository/javax/transaction/javax.transaction-api/1.2/javax.transaction-api-1.2.jar:/Users/jhu69/.m2/repository/org/springframework/data/spring-data-jpa/2.0.10.RELEASE/spring-data-jpa-2.0.10.RELEASE.jar:/Users/jhu69/.m2/repository/org/springframework/data/spring-data-commons/2.0.10.RELEASE/spring-data-commons-2.0.10.RELEASE.jar:/Users/jhu69/.m2/repository/org/springframework/spring-orm/5.0.9.RELEASE/spring-orm-5.0.9.RELEASE.jar:/Users/jhu69/.m2/repository/org/springframework/spring-context/5.0.9.RELEASE/spring-context-5.0.9.RELEASE.jar:/Users/jhu69/.m2/repository/org/springframework/spring-tx/5.0.9.RELEASE/spring-tx-5.0.9.RELEASE.jar:/Users/jhu69/.m2/repository/org/springframework/spring-beans/5.0.9.RELEASE/spring-beans-5.0.9.RELEASE.jar:/Users/jhu69/.m2/repository/org/slf4j/slf4j-api/1.7.25/slf4j-api-1.7.25.jar:/Users/jhu69/.m2/repository/org/springframework/spring-aspects/5.0.9.RELEASE/spring-aspects-5.0.9.RELEASE.jar:/Users/jhu69/.m2/repository/org/springframework/boot/spring-boot-starter-web/2.0.5.RELEASE/spring-boot-starter-web-2.0.5.RELEASE.jar:/Users/jhu69/.m2/repository/org/springframework/boot/spring-boot-starter-json/2.0.5.RELEASE/spring-boot-starter-json-2.0.5.RELEASE.jar:/Users/jhu69/.m2/repository/com/fasterxml/jackson/core/jackson-databind/2.9.6/jackson-databind-2.9.6.jar:/Users/jhu69/.m2/repository/com/fasterxml/jackson/core/jackson-annotations/2.9.0/jackson-annotations-2.9.0.jar:/Users/jhu69/.m2/repository/com/fasterxml/jackson/core/jackson-core/2.9.6/jackson-core-2.9.6.jar:/Users/jhu69/.m2/repository/com/fasterxml/jackson/datatype/jackson-datatype-jdk8/2.9.6/jackson-datatype-jdk8-2.9.6.jar:/Users/jhu69/.m2/repository/com/fasterxml/jackson/datatype/jackson-datatype-jsr310/2.9.6/jackson-datatype-jsr310-2.9.6.jar:/Users/jhu69/.m2/repository/com/fasterxml/jackson/module/jackson-module-parameter-names/2.9.6/jackson-module-parameter-names-2.9.6.jar:/Users/jhu69/.m2/repository/org/springframework/boot/spring-boot-starter-tomcat/2.0.5.RELEASE/spring-boot-starter-tomcat-2.0.5.RELEASE.jar:/Users/jhu69/.m2/repository/org/apache/tomcat/embed/tomcat-embed-core/8.5.34/tomcat-embed-core-8.5.34.jar:/Users/jhu69/.m2/repository/org/apache/tomcat/embed/tomcat-embed-el/8.5.34/tomcat-embed-el-8.5.34.jar:/Users/jhu69/.m2/repository/org/apache/tomcat/embed/tomcat-embed-websocket/8.5.34/tomcat-embed-websocket-8.5.34.jar:/Users/jhu69/.m2/repository/org/hibernate/validator/hibernate-validator/6.0.12.Final/hibernate-validator-6.0.12.Final.jar:/Users/jhu69/.m2/repository/javax/validation/validation-api/2.0.1.Final/validation-api-2.0.1.Final.jar:/Users/jhu69/.m2/repository/org/springframework/spring-web/5.0.9.RELEASE/spring-web-5.0.9.RELEASE.jar:/Users/jhu69/.m2/repository/org/springframework/spring-webmvc/5.0.9.RELEASE/spring-webmvc-5.0.9.RELEASE.jar:/Users/jhu69/.m2/repository/org/springframework/spring-expression/5.0.9.RELEASE/spring-expression-5.0.9.RELEASE.jar:/Users/jhu69/.m2/repository/org/postgresql/postgresql/42.2.5/postgresql-42.2.5.jar:/Users/jhu69/.m2/repository/org/springframework/boot/spring-boot-starter-test/2.0.5.RELEASE/spring-boot-starter-test-2.0.5.RELEASE.jar:/Users/jhu69/.m2/repository/org/springframework/boot/spring-boot-test/2.0.5.RELEASE/spring-boot-test-2.0.5.RELEASE.jar:/Users/jhu69/.m2/repository/org/springframework/boot/spring-boot-test-autoconfigure/2.0.5.RELEASE/spring-boot-test-autoconfigure-2.0.5.RELEASE.jar:/Users/jhu69/.m2/repository/com/jayway/jsonpath/json-path/2.4.0/json-path-2.4.0.jar:/Users/jhu69/.m2/repository/net/minidev/json-smart/2.3/json-smart-2.3.jar:/Users/jhu69/.m2/repository/net/minidev/accessors-smart/1.2/accessors-smart-1.2.jar:/Users/jhu69/.m2/repository/org/ow2/asm/asm/5.0.4/asm-5.0.4.jar:/Users/jhu69/.m2/repository/junit/junit/4.12/junit-4.12.jar:/Users/jhu69/.m2/repository/org/assertj/assertj-core/3.9.1/assertj-core-3.9.1.jar:/Users/jhu69/.m2/repository/org/mockito/mockito-core/2.15.0/mockito-core-2.15.0.jar:/Users/jhu69/.m2/repository/net/bytebuddy/byte-buddy-agent/1.7.11/byte-buddy-agent-1.7.11.jar:/Users/jhu69/.m2/repository/org/objenesis/objenesis/2.6/objenesis-2.6.jar:/Users/jhu69/.m2/repository/org/hamcrest/hamcrest-core/1.3/hamcrest-core-1.3.jar:/Users/jhu69/.m2/repository/org/hamcrest/hamcrest-library/1.3/hamcrest-library-1.3.jar:/Users/jhu69/.m2/repository/org/skyscreamer/jsonassert/1.5.0/jsonassert-1.5.0.jar:/Users/jhu69/.m2/repository/com/vaadin/external/google/android-json/0.0.20131108.vaadin1/android-json-0.0.20131108.vaadin1.jar:/Users/jhu69/.m2/repository/org/springframework/spring-core/5.0.9.RELEASE/spring-core-5.0.9.RELEASE.jar:/Users/jhu69/.m2/repository/org/springframework/spring-jcl/5.0.9.RELEASE/spring-jcl-5.0.9.RELEASE.jar:/Users/jhu69/.m2/repository/org/springframework/spring-test/5.0.9.RELEASE/spring-test-5.0.9.RELEASE.jar:/Users/jhu69/.m2/repository/org/xmlunit/xmlunit-core/2.5.1/xmlunit-core-2.5.1.jar:/Users/jhu69/.m2/repository/org/hibernate/hibernate-core/5.2.17.Final/hibernate-core-5.2.17.Final.jar:/Users/jhu69/.m2/repository/org/jboss/logging/jboss-logging/3.3.2.Final/jboss-logging-3.3.2.Final.jar:/Users/jhu69/.m2/repository/org/hibernate/javax/persistence/hibernate-jpa-2.1-api/1.0.2.Final/hibernate-jpa-2.1-api-1.0.2.Final.jar:/Users/jhu69/.m2/repository/org/javassist/javassist/3.22.0-GA/javassist-3.22.0-GA.jar:/Users/jhu69/.m2/repository/antlr/antlr/2.7.7/antlr-2.7.7.jar:/Users/jhu69/.m2/repository/org/jboss/spec/javax/transaction/jboss-transaction-api_1.2_spec/1.0.1.Final/jboss-transaction-api_1.2_spec-1.0.1.Final.jar:/Users/jhu69/.m2/repository/org/jboss/jandex/2.0.3.Final/jandex-2.0.3.Final.jar:/Users/jhu69/.m2/repository/com/fasterxml/classmate/1.3.4/classmate-1.3.4.jar:/Users/jhu69/.m2/repository/dom4j/dom4j/1.6.1/dom4j-1.6.1.jar:/Users/jhu69/.m2/repository/org/hibernate/common/hibernate-commons-annotations/5.0.1.Final/hibernate-commons-annotations-5.0.1.Final.jar:/Users/jhu69/.m2/repository/org/springframework/boot/spring-boot-starter-actuator/2.0.5.RELEASE/spring-boot-starter-actuator-2.0.5.RELEASE.jar:/Users/jhu69/.m2/repository/org/springframework/boot/spring-boot-actuator-autoconfigure/2.0.5.RELEASE/spring-boot-actuator-autoconfigure-2.0.5.RELEASE.jar:/Users/jhu69/.m2/repository/org/springframework/boot/spring-boot-actuator/2.0.5.RELEASE/spring-boot-actuator-2.0.5.RELEASE.jar:/Users/jhu69/.m2/repository/io/micrometer/micrometer-core/1.0.6/micrometer-core-1.0.6.jar:/Users/jhu69/.m2/repository/org/hdrhistogram/HdrHistogram/2.1.10/HdrHistogram-2.1.10.jar:/Users/jhu69/.m2/repository/org/latencyutils/LatencyUtils/2.0.3/LatencyUtils-2.0.3.jar:/Users/jhu69/.m2/repository/org/hibernate/hibernate-entitymanager/5.2.17.Final/hibernate-entitymanager-5.2.17.Final.jar:/Users/jhu69/.m2/repository/net/bytebuddy/byte-buddy/1.7.11/byte-buddy-1.7.11.jar:, sun.cpu.endian=little, user.home=/Users/jhu69, user.language=en, java.specification.vendor=Oracle Corporation, java.version.date=2018-07-17, java.home=/Library/Java/JavaVirtualMachines/jdk-10.0.2.jdk/Contents/Home, file.separator=/, basedir=/Users/jhu69/Desktop/ECSE_321/Sprint_1/SpringBootBackend, java.vm.compressedOopsMode=Zero based, line.separator=
, java.specification.name=Java Platform API Specification, java.vm.specification.vendor=Oracle Corporation, java.awt.graphicsenv=sun.awt.CGraphicsEnvironment, surefire.real.class.path=/Users/jhu69/Desktop/ECSE_321/Sprint_1/SpringBootBackend/target/surefire/surefirebooter11211360325030662288.jar, sun.management.compiler=HotSpot 64-Bit Tiered Compilers, ftp.nonProxyHosts=local|*.local|169.254/16|*.169.254/16, java.runtime.version=10.0.2+13, user.name=jhu69, path.separator=:, os.version=10.13.6, java.runtime.name=Java(TM) SE Runtime Environment, file.encoding=UTF-8, java.vm.name=Java HotSpot(TM) 64-Bit Server VM, java.vendor.version=18.3, localRepository=/Users/jhu69/.m2/repository, java.vendor.url.bug=http://bugreport.java.com/bugreport/, java.io.tmpdir=/var/folders/qn/yy659h_n2rbcj50qrj3cgmwm0000gn/T/, java.version=10.0.2, user.dir=/Users/jhu69/Desktop/ECSE_321/Sprint_1/SpringBootBackend, os.arch=x86_64, java.vm.specification.name=Java Virtual Machine Specification, java.awt.printerjob=sun.lwawt.macosx.CPrinterJob, sun.os.patch.level=unknown, java.library.path=/Users/jhu69/Library/Java/Extensions:/Library/Java/Extensions:/Network/Library/Java/Extensions:/System/Library/Java/Extensions:/usr/lib/java:., java.vendor=Oracle Corporation, java.vm.info=mixed mode, java.vm.version=10.0.2+13, sun.io.unicode.encoding=UnicodeBig, java.class.version=54.0, socksNonProxyHosts=local|*.local|169.254/16|*.169.254/16}}, SystemEnvironmentPropertySource@1403700359 {name='systemEnvironment', properties={PATH=/usr/local/bin:/usr/bin:/bin:/usr/sbin:/sbin, JAVA_HOME=/Library/Java/JavaVirtualMachines/jdk-10.0.2.jdk/Contents/Home, TERM=xterm-256color, LANG=en_CA.UTF-8, LOGNAME=jhu69, XPC_SERVICE_NAME=0, PWD=/Users/jhu69/Desktop/ECSE_321/Sprint_1/SpringBootBackend, TERM_PROGRAM_VERSION=404, MAVEN_CMD_LINE_ARGS= clean install, _=/Library/Java/JavaVirtualMachines/jdk-10.0.2.jdk/Contents/Home/bin/java, SHELL=/bin/bash, TERM_PROGRAM=Apple_Terminal, MAVEN_PROJECTBASEDIR=/Users/jhu69/Desktop/ECSE_321/sprint_1/SpringBootBackend, OLDPWD=/Users/jhu69/Desktop/ECSE_321/sprint_1/SpringBootBackend, USER=jhu69, TMPDIR=/var/folders/qn/yy659h_n2rbcj50qrj3cgmwm0000gn/T/, SSH_AUTH_SOCK=/private/tmp/com.apple.launchd.9uRWFPjfKN/Listeners, XPC_FLAGS=0x0, TERM_SESSION_ID=9D7F113A-6462-442C-83E2-092790C79E0B, __CF_USER_TEXT_ENCODING=0x1F5:0x0:0x52, Apple_PubSub_Socket_Render=/private/tmp/com.apple.launchd.8SSlT1833P/Render, JAVA_MAIN_CLASS_35356=org.codehaus.plexus.classworlds.launcher.Launcher, HOME=/Users/jhu69, SHLVL=2, JAVA_MAIN_CLASS_35377=org.apache.maven.surefire.booter.ForkedBooter}}]
16:42:04.466 [main] DEBUG org.springframework.core.io.support.PathMatchingResourcePatternResolver - Resolved classpath location [ca/mcgill/ecse321/eventregistration/] to resources [URL [file:/Users/jhu69/Desktop/ECSE_321/Sprint_1/SpringBootBackend/target/test-classes/ca/mcgill/ecse321/eventregistration/], URL [file:/Users/jhu69/Desktop/ECSE_321/Sprint_1/SpringBootBackend/target/classes/ca/mcgill/ecse321/eventregistration/]]
16:42:04.466 [main] DEBUG org.springframework.core.io.support.PathMatchingResourcePatternResolver - Looking for matching resources in directory tree [/Users/jhu69/Desktop/ECSE_321/Sprint_1/SpringBootBackend/target/test-classes/ca/mcgill/ecse321/eventregistration]
16:42:04.467 [main] DEBUG org.springframework.core.io.support.PathMatchingResourcePatternResolver - Searching directory [/Users/jhu69/Desktop/ECSE_321/Sprint_1/SpringBootBackend/target/test-classes/ca/mcgill/ecse321/eventregistration] for files matching pattern [/Users/jhu69/Desktop/ECSE_321/Sprint_1/SpringBootBackend/target/test-classes/ca/mcgill/ecse321/eventregistration/*.class]
16:42:04.472 [main] DEBUG org.springframework.core.io.support.PathMatchingResourcePatternResolver - Looking for matching resources in directory tree [/Users/jhu69/Desktop/ECSE_321/Sprint_1/SpringBootBackend/target/classes/ca/mcgill/ecse321/eventregistration]
16:42:04.472 [main] DEBUG org.springframework.core.io.support.PathMatchingResourcePatternResolver - Searching directory [/Users/jhu69/Desktop/ECSE_321/Sprint_1/SpringBootBackend/target/classes/ca/mcgill/ecse321/eventregistration] for files matching pattern [/Users/jhu69/Desktop/ECSE_321/Sprint_1/SpringBootBackend/target/classes/ca/mcgill/ecse321/eventregistration/*.class]
16:42:04.474 [main] DEBUG org.springframework.core.io.support.PathMatchingResourcePatternResolver - Resolved location pattern [classpath*:ca/mcgill/ecse321/eventregistration/*.class] to resources [file [/Users/jhu69/Desktop/ECSE_321/Sprint_1/SpringBootBackend/target/test-classes/ca/mcgill/ecse321/eventregistration/EventRegistrationControllerTests.class], file [/Users/jhu69/Desktop/ECSE_321/Sprint_1/SpringBootBackend/target/test-classes/ca/mcgill/ecse321/eventregistration/EventRegistrationRepositoryTests.class], file [/Users/jhu69/Desktop/ECSE_321/Sprint_1/SpringBootBackend/target/test-classes/ca/mcgill/ecse321/eventregistration/EventregistrationApplicationTests.class], file [/Users/jhu69/Desktop/ECSE_321/Sprint_1/SpringBootBackend/target/test-classes/ca/mcgill/ecse321/eventregistration/ParticipantTests.class], file [/Users/jhu69/Desktop/ECSE_321/Sprint_1/SpringBootBackend/target/classes/ca/mcgill/ecse321/eventregistration/EventregistrationApplication.class]]
16:42:04.561 [main] DEBUG org.springframework.context.annotation.ClassPathScanningCandidateComponentProvider - Identified candidate component class: file [/Users/jhu69/Desktop/ECSE_321/Sprint_1/SpringBootBackend/target/classes/ca/mcgill/ecse321/eventregistration/EventregistrationApplication.class]
16:42:04.563 [main] INFO org.springframework.boot.test.context.SpringBootTestContextBootstrapper - Found @SpringBootConfiguration ca.mcgill.ecse321.eventregistration.EventregistrationApplication for test class ca.mcgill.ecse321.eventregistration.EventregistrationApplicationTests
16:42:04.695 [main] DEBUG org.springframework.boot.test.context.SpringBootTestContextBootstrapper - @TestExecutionListeners is not present for class [ca.mcgill.ecse321.eventregistration.EventregistrationApplicationTests]: using defaults.
16:42:04.696 [main] INFO org.springframework.boot.test.context.SpringBootTestContextBootstrapper - Loaded default TestExecutionListener class names from location [META-INF/spring.factories]: [org.springframework.boot.test.mock.mockito.MockitoTestExecutionListener, org.springframework.boot.test.mock.mockito.ResetMocksTestExecutionListener, org.springframework.boot.test.autoconfigure.restdocs.RestDocsTestExecutionListener, org.springframework.boot.test.autoconfigure.web.client.MockRestServiceServerResetTestExecutionListener, org.springframework.boot.test.autoconfigure.web.servlet.MockMvcPrintOnlyOnFailureTestExecutionListener, org.springframework.boot.test.autoconfigure.web.servlet.WebDriverTestExecutionListener, org.springframework.test.context.web.ServletTestExecutionListener, org.springframework.test.context.support.DirtiesContextBeforeModesTestExecutionListener, org.springframework.test.context.support.DependencyInjectionTestExecutionListener, org.springframework.test.context.support.DirtiesContextTestExecutionListener, org.springframework.test.context.transaction.TransactionalTestExecutionListener, org.springframework.test.context.jdbc.SqlScriptsTestExecutionListener]
16:42:04.757 [main] INFO org.springframework.boot.test.context.SpringBootTestContextBootstrapper - Using TestExecutionListeners: [org.springframework.test.context.web.ServletTestExecutionListener@26ceffa8, org.springframework.test.context.support.DirtiesContextBeforeModesTestExecutionListener@600b90df, org.springframework.boot.test.mock.mockito.MockitoTestExecutionListener@7c8c9a05, org.springframework.boot.test.autoconfigure.SpringBootDependencyInjectionTestExecutionListener@d41f816, org.springframework.test.context.support.DirtiesContextTestExecutionListener@5c2375a9, org.springframework.test.context.transaction.TransactionalTestExecutionListener@60129b9a, org.springframework.test.context.jdbc.SqlScriptsTestExecutionListener@78d6692f, org.springframework.boot.test.mock.mockito.ResetMocksTestExecutionListener@7a55af6b, org.springframework.boot.test.autoconfigure.restdocs.RestDocsTestExecutionListener@3d9c13b5, org.springframework.boot.test.autoconfigure.web.client.MockRestServiceServerResetTestExecutionListener@492691d7, org.springframework.boot.test.autoconfigure.web.servlet.MockMvcPrintOnlyOnFailureTestExecutionListener@27216cd, org.springframework.boot.test.autoconfigure.web.servlet.WebDriverTestExecutionListener@558bdf1f]
16:42:04.759 [main] DEBUG org.springframework.test.annotation.ProfileValueUtils - Retrieved @ProfileValueSourceConfiguration [null] for test class [ca.mcgill.ecse321.eventregistration.EventregistrationApplicationTests]
16:42:04.760 [main] DEBUG org.springframework.test.annotation.ProfileValueUtils - Retrieved ProfileValueSource type [class org.springframework.test.annotation.SystemProfileValueSource] for class [ca.mcgill.ecse321.eventregistration.EventregistrationApplicationTests]
16:42:04.778 [main] DEBUG org.springframework.test.annotation.ProfileValueUtils - Retrieved @ProfileValueSourceConfiguration [null] for test class [ca.mcgill.ecse321.eventregistration.EventregistrationApplicationTests]
16:42:04.778 [main] DEBUG org.springframework.test.annotation.ProfileValueUtils - Retrieved ProfileValueSource type [class org.springframework.test.annotation.SystemProfileValueSource] for class [ca.mcgill.ecse321.eventregistration.EventregistrationApplicationTests]
16:42:04.791 [main] DEBUG org.springframework.test.annotation.ProfileValueUtils - Retrieved @ProfileValueSourceConfiguration [null] for test class [ca.mcgill.ecse321.eventregistration.EventregistrationApplicationTests]
16:42:04.791 [main] DEBUG org.springframework.test.annotation.ProfileValueUtils - Retrieved ProfileValueSource type [class org.springframework.test.annotation.SystemProfileValueSource] for class [ca.mcgill.ecse321.eventregistration.EventregistrationApplicationTests]
16:42:04.801 [main] DEBUG org.springframework.test.context.support.AbstractDirtiesContextTestExecutionListener - Before test class: context [DefaultTestContext@7a1a14a4 testClass = EventregistrationApplicationTests, testInstance = [null], testMethod = [null], testException = [null], mergedContextConfiguration = [WebMergedContextConfiguration@265adfad testClass = EventregistrationApplicationTests, locations = '{}', classes = '{class ca.mcgill.ecse321.eventregistration.EventregistrationApplication}', contextInitializerClasses = '[]', activeProfiles = '{}', propertySourceLocations = '{}', propertySourceProperties = '{org.springframework.boot.test.context.SpringBootTestContextBootstrapper=true}', contextCustomizers = set[org.springframework.boot.test.context.filter.ExcludeFilterContextCustomizer@5fbdfdcf, org.springframework.boot.test.json.DuplicateJsonObjectContextCustomizerFactory$DuplicateJsonObjectContextCustomizer@25084a1e, org.springframework.boot.test.mock.mockito.MockitoContextCustomizer@0, org.springframework.boot.test.web.client.TestRestTemplateContextCustomizer@3b6ddd1d, org.springframework.boot.test.autoconfigure.properties.PropertyMappingContextCustomizer@0, org.springframework.boot.test.autoconfigure.web.servlet.WebDriverContextCustomizerFactory$Customizer@1b2abca6], resourceBasePath = 'src/main/webapp', contextLoader = 'org.springframework.boot.test.context.SpringBootContextLoader', parent = [null]], attributes = map['org.springframework.test.context.web.ServletTestExecutionListener.activateListener' -> true]], class annotated with @DirtiesContext [false] with mode [null].
16:42:04.802 [main] DEBUG org.springframework.test.annotation.ProfileValueUtils - Retrieved @ProfileValueSourceConfiguration [null] for test class [ca.mcgill.ecse321.eventregistration.EventregistrationApplicationTests]
16:42:04.802 [main] DEBUG org.springframework.test.annotation.ProfileValueUtils - Retrieved ProfileValueSource type [class org.springframework.test.annotation.SystemProfileValueSource] for class [ca.mcgill.ecse321.eventregistration.EventregistrationApplicationTests]
16:42:04.823 [main] DEBUG org.springframework.core.env.StandardEnvironment - Adding PropertySource 'systemProperties' with lowest search precedence
16:42:04.823 [main] DEBUG org.springframework.core.env.StandardEnvironment - Adding PropertySource 'systemEnvironment' with lowest search precedence
16:42:04.823 [main] DEBUG org.springframework.core.env.StandardEnvironment - Initialized StandardEnvironment with PropertySources [MapPropertySource@1917025677 {name='systemProperties', properties={gopherProxySet=false, awt.toolkit=sun.lwawt.macosx.LWCToolkit, java.specification.version=10, file.encoding.pkg=sun.io, sun.cpu.isalist=, sun.jnu.encoding=UTF-8, java.class.path=/Users/jhu69/Desktop/ECSE_321/Sprint_1/SpringBootBackend/target/test-classes:/Users/jhu69/Desktop/ECSE_321/Sprint_1/SpringBootBackend/target/classes:/Users/jhu69/.m2/repository/org/springframework/boot/spring-boot-starter-data-jpa/2.0.5.RELEASE/spring-boot-starter-data-jpa-2.0.5.RELEASE.jar:/Users/jhu69/.m2/repository/org/springframework/boot/spring-boot-starter/2.0.5.RELEASE/spring-boot-starter-2.0.5.RELEASE.jar:/Users/jhu69/.m2/repository/org/springframework/boot/spring-boot/2.0.5.RELEASE/spring-boot-2.0.5.RELEASE.jar:/Users/jhu69/.m2/repository/org/springframework/boot/spring-boot-autoconfigure/2.0.5.RELEASE/spring-boot-autoconfigure-2.0.5.RELEASE.jar:/Users/jhu69/.m2/repository/org/springframework/boot/spring-boot-starter-logging/2.0.5.RELEASE/spring-boot-starter-logging-2.0.5.RELEASE.jar:/Users/jhu69/.m2/repository/ch/qos/logback/logback-classic/1.2.3/logback-classic-1.2.3.jar:/Users/jhu69/.m2/repository/ch/qos/logback/logback-core/1.2.3/logback-core-1.2.3.jar:/Users/jhu69/.m2/repository/org/apache/logging/log4j/log4j-to-slf4j/2.10.0/log4j-to-slf4j-2.10.0.jar:/Users/jhu69/.m2/repository/org/apache/logging/log4j/log4j-api/2.10.0/log4j-api-2.10.0.jar:/Users/jhu69/.m2/repository/org/slf4j/jul-to-slf4j/1.7.25/jul-to-slf4j-1.7.25.jar:/Users/jhu69/.m2/repository/javax/annotation/javax.annotation-api/1.3.2/javax.annotation-api-1.3.2.jar:/Users/jhu69/.m2/repository/org/yaml/snakeyaml/1.19/snakeyaml-1.19.jar:/Users/jhu69/.m2/repository/org/springframework/boot/spring-boot-starter-aop/2.0.5.RELEASE/spring-boot-starter-aop-2.0.5.RELEASE.jar:/Users/jhu69/.m2/repository/org/springframework/spring-aop/5.0.9.RELEASE/spring-aop-5.0.9.RELEASE.jar:/Users/jhu69/.m2/repository/org/aspectj/aspectjweaver/1.8.13/aspectjweaver-1.8.13.jar:/Users/jhu69/.m2/repository/org/springframework/boot/spring-boot-starter-jdbc/2.0.5.RELEASE/spring-boot-starter-jdbc-2.0.5.RELEASE.jar:/Users/jhu69/.m2/repository/com/zaxxer/HikariCP/2.7.9/HikariCP-2.7.9.jar:/Users/jhu69/.m2/repository/org/springframework/spring-jdbc/5.0.9.RELEASE/spring-jdbc-5.0.9.RELEASE.jar:/Users/jhu69/.m2/repository/javax/transaction/javax.transaction-api/1.2/javax.transaction-api-1.2.jar:/Users/jhu69/.m2/repository/org/springframework/data/spring-data-jpa/2.0.10.RELEASE/spring-data-jpa-2.0.10.RELEASE.jar:/Users/jhu69/.m2/repository/org/springframework/data/spring-data-commons/2.0.10.RELEASE/spring-data-commons-2.0.10.RELEASE.jar:/Users/jhu69/.m2/repository/org/springframework/spring-orm/5.0.9.RELEASE/spring-orm-5.0.9.RELEASE.jar:/Users/jhu69/.m2/repository/org/springframework/spring-context/5.0.9.RELEASE/spring-context-5.0.9.RELEASE.jar:/Users/jhu69/.m2/repository/org/springframework/spring-tx/5.0.9.RELEASE/spring-tx-5.0.9.RELEASE.jar:/Users/jhu69/.m2/repository/org/springframework/spring-beans/5.0.9.RELEASE/spring-beans-5.0.9.RELEASE.jar:/Users/jhu69/.m2/repository/org/slf4j/slf4j-api/1.7.25/slf4j-api-1.7.25.jar:/Users/jhu69/.m2/repository/org/springframework/spring-aspects/5.0.9.RELEASE/spring-aspects-5.0.9.RELEASE.jar:/Users/jhu69/.m2/repository/org/springframework/boot/spring-boot-starter-web/2.0.5.RELEASE/spring-boot-starter-web-2.0.5.RELEASE.jar:/Users/jhu69/.m2/repository/org/springframework/boot/spring-boot-starter-json/2.0.5.RELEASE/spring-boot-starter-json-2.0.5.RELEASE.jar:/Users/jhu69/.m2/repository/com/fasterxml/jackson/core/jackson-databind/2.9.6/jackson-databind-2.9.6.jar:/Users/jhu69/.m2/repository/com/fasterxml/jackson/core/jackson-annotations/2.9.0/jackson-annotations-2.9.0.jar:/Users/jhu69/.m2/repository/com/fasterxml/jackson/core/jackson-core/2.9.6/jackson-core-2.9.6.jar:/Users/jhu69/.m2/repository/com/fasterxml/jackson/datatype/jackson-datatype-jdk8/2.9.6/jackson-datatype-jdk8-2.9.6.jar:/Users/jhu69/.m2/repository/com/fasterxml/jackson/datatype/jackson-datatype-jsr310/2.9.6/jackson-datatype-jsr310-2.9.6.jar:/Users/jhu69/.m2/repository/com/fasterxml/jackson/module/jackson-module-parameter-names/2.9.6/jackson-module-parameter-names-2.9.6.jar:/Users/jhu69/.m2/repository/org/springframework/boot/spring-boot-starter-tomcat/2.0.5.RELEASE/spring-boot-starter-tomcat-2.0.5.RELEASE.jar:/Users/jhu69/.m2/repository/org/apache/tomcat/embed/tomcat-embed-core/8.5.34/tomcat-embed-core-8.5.34.jar:/Users/jhu69/.m2/repository/org/apache/tomcat/embed/tomcat-embed-el/8.5.34/tomcat-embed-el-8.5.34.jar:/Users/jhu69/.m2/repository/org/apache/tomcat/embed/tomcat-embed-websocket/8.5.34/tomcat-embed-websocket-8.5.34.jar:/Users/jhu69/.m2/repository/org/hibernate/validator/hibernate-validator/6.0.12.Final/hibernate-validator-6.0.12.Final.jar:/Users/jhu69/.m2/repository/javax/validation/validation-api/2.0.1.Final/validation-api-2.0.1.Final.jar:/Users/jhu69/.m2/repository/org/springframework/spring-web/5.0.9.RELEASE/spring-web-5.0.9.RELEASE.jar:/Users/jhu69/.m2/repository/org/springframework/spring-webmvc/5.0.9.RELEASE/spring-webmvc-5.0.9.RELEASE.jar:/Users/jhu69/.m2/repository/org/springframework/spring-expression/5.0.9.RELEASE/spring-expression-5.0.9.RELEASE.jar:/Users/jhu69/.m2/repository/org/postgresql/postgresql/42.2.5/postgresql-42.2.5.jar:/Users/jhu69/.m2/repository/org/springframework/boot/spring-boot-starter-test/2.0.5.RELEASE/spring-boot-starter-test-2.0.5.RELEASE.jar:/Users/jhu69/.m2/repository/org/springframework/boot/spring-boot-test/2.0.5.RELEASE/spring-boot-test-2.0.5.RELEASE.jar:/Users/jhu69/.m2/repository/org/springframework/boot/spring-boot-test-autoconfigure/2.0.5.RELEASE/spring-boot-test-autoconfigure-2.0.5.RELEASE.jar:/Users/jhu69/.m2/repository/com/jayway/jsonpath/json-path/2.4.0/json-path-2.4.0.jar:/Users/jhu69/.m2/repository/net/minidev/json-smart/2.3/json-smart-2.3.jar:/Users/jhu69/.m2/repository/net/minidev/accessors-smart/1.2/accessors-smart-1.2.jar:/Users/jhu69/.m2/repository/org/ow2/asm/asm/5.0.4/asm-5.0.4.jar:/Users/jhu69/.m2/repository/junit/junit/4.12/junit-4.12.jar:/Users/jhu69/.m2/repository/org/assertj/assertj-core/3.9.1/assertj-core-3.9.1.jar:/Users/jhu69/.m2/repository/org/mockito/mockito-core/2.15.0/mockito-core-2.15.0.jar:/Users/jhu69/.m2/repository/net/bytebuddy/byte-buddy-agent/1.7.11/byte-buddy-agent-1.7.11.jar:/Users/jhu69/.m2/repository/org/objenesis/objenesis/2.6/objenesis-2.6.jar:/Users/jhu69/.m2/repository/org/hamcrest/hamcrest-core/1.3/hamcrest-core-1.3.jar:/Users/jhu69/.m2/repository/org/hamcrest/hamcrest-library/1.3/hamcrest-library-1.3.jar:/Users/jhu69/.m2/repository/org/skyscreamer/jsonassert/1.5.0/jsonassert-1.5.0.jar:/Users/jhu69/.m2/repository/com/vaadin/external/google/android-json/0.0.20131108.vaadin1/android-json-0.0.20131108.vaadin1.jar:/Users/jhu69/.m2/repository/org/springframework/spring-core/5.0.9.RELEASE/spring-core-5.0.9.RELEASE.jar:/Users/jhu69/.m2/repository/org/springframework/spring-jcl/5.0.9.RELEASE/spring-jcl-5.0.9.RELEASE.jar:/Users/jhu69/.m2/repository/org/springframework/spring-test/5.0.9.RELEASE/spring-test-5.0.9.RELEASE.jar:/Users/jhu69/.m2/repository/org/xmlunit/xmlunit-core/2.5.1/xmlunit-core-2.5.1.jar:/Users/jhu69/.m2/repository/org/hibernate/hibernate-core/5.2.17.Final/hibernate-core-5.2.17.Final.jar:/Users/jhu69/.m2/repository/org/jboss/logging/jboss-logging/3.3.2.Final/jboss-logging-3.3.2.Final.jar:/Users/jhu69/.m2/repository/org/hibernate/javax/persistence/hibernate-jpa-2.1-api/1.0.2.Final/hibernate-jpa-2.1-api-1.0.2.Final.jar:/Users/jhu69/.m2/repository/org/javassist/javassist/3.22.0-GA/javassist-3.22.0-GA.jar:/Users/jhu69/.m2/repository/antlr/antlr/2.7.7/antlr-2.7.7.jar:/Users/jhu69/.m2/repository/org/jboss/spec/javax/transaction/jboss-transaction-api_1.2_spec/1.0.1.Final/jboss-transaction-api_1.2_spec-1.0.1.Final.jar:/Users/jhu69/.m2/repository/org/jboss/jandex/2.0.3.Final/jandex-2.0.3.Final.jar:/Users/jhu69/.m2/repository/com/fasterxml/classmate/1.3.4/classmate-1.3.4.jar:/Users/jhu69/.m2/repository/dom4j/dom4j/1.6.1/dom4j-1.6.1.jar:/Users/jhu69/.m2/repository/org/hibernate/common/hibernate-commons-annotations/5.0.1.Final/hibernate-commons-annotations-5.0.1.Final.jar:/Users/jhu69/.m2/repository/org/springframework/boot/spring-boot-starter-actuator/2.0.5.RELEASE/spring-boot-starter-actuator-2.0.5.RELEASE.jar:/Users/jhu69/.m2/repository/org/springframework/boot/spring-boot-actuator-autoconfigure/2.0.5.RELEASE/spring-boot-actuator-autoconfigure-2.0.5.RELEASE.jar:/Users/jhu69/.m2/repository/org/springframework/boot/spring-boot-actuator/2.0.5.RELEASE/spring-boot-actuator-2.0.5.RELEASE.jar:/Users/jhu69/.m2/repository/io/micrometer/micrometer-core/1.0.6/micrometer-core-1.0.6.jar:/Users/jhu69/.m2/repository/org/hdrhistogram/HdrHistogram/2.1.10/HdrHistogram-2.1.10.jar:/Users/jhu69/.m2/repository/org/latencyutils/LatencyUtils/2.0.3/LatencyUtils-2.0.3.jar:/Users/jhu69/.m2/repository/org/hibernate/hibernate-entitymanager/5.2.17.Final/hibernate-entitymanager-5.2.17.Final.jar:/Users/jhu69/.m2/repository/net/bytebuddy/byte-buddy/1.7.11/byte-buddy-1.7.11.jar:, java.vm.vendor="Oracle Corporation", sun.arch.data.model=64, java.vendor.url=http://java.oracle.com/, user.timezone=America/Montreal, os.name=Mac OS X, java.vm.specification.version=10, sun.java.launcher=SUN_STANDARD, user.country=CA, sun.boot.library.path=/Library/Java/JavaVirtualMachines/jdk-10.0.2.jdk/Contents/Home/lib, sun.java.command=/Users/jhu69/Desktop/ECSE_321/Sprint_1/SpringBootBackend/target/surefire/surefirebooter11211360325030662288.jar /Users/jhu69/Desktop/ECSE_321/Sprint_1/SpringBootBackend/target/surefire 2018-10-24T16-42-02_012-jvmRun1 surefire10904146061887347894tmp surefire_013845489578764475703tmp, http.nonProxyHosts=local|*.local|169.254/16|*.169.254/16, jdk.debug=release, surefire.test.class.path=/Users/jhu69/Desktop/ECSE_321/Sprint_1/SpringBootBackend/target/test-classes:/Users/jhu69/Desktop/ECSE_321/Sprint_1/SpringBootBackend/target/classes:/Users/jhu69/.m2/repository/org/springframework/boot/spring-boot-starter-data-jpa/2.0.5.RELEASE/spring-boot-starter-data-jpa-2.0.5.RELEASE.jar:/Users/jhu69/.m2/repository/org/springframework/boot/spring-boot-starter/2.0.5.RELEASE/spring-boot-starter-2.0.5.RELEASE.jar:/Users/jhu69/.m2/repository/org/springframework/boot/spring-boot/2.0.5.RELEASE/spring-boot-2.0.5.RELEASE.jar:/Users/jhu69/.m2/repository/org/springframework/boot/spring-boot-autoconfigure/2.0.5.RELEASE/spring-boot-autoconfigure-2.0.5.RELEASE.jar:/Users/jhu69/.m2/repository/org/springframework/boot/spring-boot-starter-logging/2.0.5.RELEASE/spring-boot-starter-logging-2.0.5.RELEASE.jar:/Users/jhu69/.m2/repository/ch/qos/logback/logback-classic/1.2.3/logback-classic-1.2.3.jar:/Users/jhu69/.m2/repository/ch/qos/logback/logback-core/1.2.3/logback-core-1.2.3.jar:/Users/jhu69/.m2/repository/org/apache/logging/log4j/log4j-to-slf4j/2.10.0/log4j-to-slf4j-2.10.0.jar:/Users/jhu69/.m2/repository/org/apache/logging/log4j/log4j-api/2.10.0/log4j-api-2.10.0.jar:/Users/jhu69/.m2/repository/org/slf4j/jul-to-slf4j/1.7.25/jul-to-slf4j-1.7.25.jar:/Users/jhu69/.m2/repository/javax/annotation/javax.annotation-api/1.3.2/javax.annotation-api-1.3.2.jar:/Users/jhu69/.m2/repository/org/yaml/snakeyaml/1.19/snakeyaml-1.19.jar:/Users/jhu69/.m2/repository/org/springframework/boot/spring-boot-starter-aop/2.0.5.RELEASE/spring-boot-starter-aop-2.0.5.RELEASE.jar:/Users/jhu69/.m2/repository/org/springframework/spring-aop/5.0.9.RELEASE/spring-aop-5.0.9.RELEASE.jar:/Users/jhu69/.m2/repository/org/aspectj/aspectjweaver/1.8.13/aspectjweaver-1.8.13.jar:/Users/jhu69/.m2/repository/org/springframework/boot/spring-boot-starter-jdbc/2.0.5.RELEASE/spring-boot-starter-jdbc-2.0.5.RELEASE.jar:/Users/jhu69/.m2/repository/com/zaxxer/HikariCP/2.7.9/HikariCP-2.7.9.jar:/Users/jhu69/.m2/repository/org/springframework/spring-jdbc/5.0.9.RELEASE/spring-jdbc-5.0.9.RELEASE.jar:/Users/jhu69/.m2/repository/javax/transaction/javax.transaction-api/1.2/javax.transaction-api-1.2.jar:/Users/jhu69/.m2/repository/org/springframework/data/spring-data-jpa/2.0.10.RELEASE/spring-data-jpa-2.0.10.RELEASE.jar:/Users/jhu69/.m2/repository/org/springframework/data/spring-data-commons/2.0.10.RELEASE/spring-data-commons-2.0.10.RELEASE.jar:/Users/jhu69/.m2/repository/org/springframework/spring-orm/5.0.9.RELEASE/spring-orm-5.0.9.RELEASE.jar:/Users/jhu69/.m2/repository/org/springframework/spring-context/5.0.9.RELEASE/spring-context-5.0.9.RELEASE.jar:/Users/jhu69/.m2/repository/org/springframework/spring-tx/5.0.9.RELEASE/spring-tx-5.0.9.RELEASE.jar:/Users/jhu69/.m2/repository/org/springframework/spring-beans/5.0.9.RELEASE/spring-beans-5.0.9.RELEASE.jar:/Users/jhu69/.m2/repository/org/slf4j/slf4j-api/1.7.25/slf4j-api-1.7.25.jar:/Users/jhu69/.m2/repository/org/springframework/spring-aspects/5.0.9.RELEASE/spring-aspects-5.0.9.RELEASE.jar:/Users/jhu69/.m2/repository/org/springframework/boot/spring-boot-starter-web/2.0.5.RELEASE/spring-boot-starter-web-2.0.5.RELEASE.jar:/Users/jhu69/.m2/repository/org/springframework/boot/spring-boot-starter-json/2.0.5.RELEASE/spring-boot-starter-json-2.0.5.RELEASE.jar:/Users/jhu69/.m2/repository/com/fasterxml/jackson/core/jackson-databind/2.9.6/jackson-databind-2.9.6.jar:/Users/jhu69/.m2/repository/com/fasterxml/jackson/core/jackson-annotations/2.9.0/jackson-annotations-2.9.0.jar:/Users/jhu69/.m2/repository/com/fasterxml/jackson/core/jackson-core/2.9.6/jackson-core-2.9.6.jar:/Users/jhu69/.m2/repository/com/fasterxml/jackson/datatype/jackson-datatype-jdk8/2.9.6/jackson-datatype-jdk8-2.9.6.jar:/Users/jhu69/.m2/repository/com/fasterxml/jackson/datatype/jackson-datatype-jsr310/2.9.6/jackson-datatype-jsr310-2.9.6.jar:/Users/jhu69/.m2/repository/com/fasterxml/jackson/module/jackson-module-parameter-names/2.9.6/jackson-module-parameter-names-2.9.6.jar:/Users/jhu69/.m2/repository/org/springframework/boot/spring-boot-starter-tomcat/2.0.5.RELEASE/spring-boot-starter-tomcat-2.0.5.RELEASE.jar:/Users/jhu69/.m2/repository/org/apache/tomcat/embed/tomcat-embed-core/8.5.34/tomcat-embed-core-8.5.34.jar:/Users/jhu69/.m2/repository/org/apache/tomcat/embed/tomcat-embed-el/8.5.34/tomcat-embed-el-8.5.34.jar:/Users/jhu69/.m2/repository/org/apache/tomcat/embed/tomcat-embed-websocket/8.5.34/tomcat-embed-websocket-8.5.34.jar:/Users/jhu69/.m2/repository/org/hibernate/validator/hibernate-validator/6.0.12.Final/hibernate-validator-6.0.12.Final.jar:/Users/jhu69/.m2/repository/javax/validation/validation-api/2.0.1.Final/validation-api-2.0.1.Final.jar:/Users/jhu69/.m2/repository/org/springframework/spring-web/5.0.9.RELEASE/spring-web-5.0.9.RELEASE.jar:/Users/jhu69/.m2/repository/org/springframework/spring-webmvc/5.0.9.RELEASE/spring-webmvc-5.0.9.RELEASE.jar:/Users/jhu69/.m2/repository/org/springframework/spring-expression/5.0.9.RELEASE/spring-expression-5.0.9.RELEASE.jar:/Users/jhu69/.m2/repository/org/postgresql/postgresql/42.2.5/postgresql-42.2.5.jar:/Users/jhu69/.m2/repository/org/springframework/boot/spring-boot-starter-test/2.0.5.RELEASE/spring-boot-starter-test-2.0.5.RELEASE.jar:/Users/jhu69/.m2/repository/org/springframework/boot/spring-boot-test/2.0.5.RELEASE/spring-boot-test-2.0.5.RELEASE.jar:/Users/jhu69/.m2/repository/org/springframework/boot/spring-boot-test-autoconfigure/2.0.5.RELEASE/spring-boot-test-autoconfigure-2.0.5.RELEASE.jar:/Users/jhu69/.m2/repository/com/jayway/jsonpath/json-path/2.4.0/json-path-2.4.0.jar:/Users/jhu69/.m2/repository/net/minidev/json-smart/2.3/json-smart-2.3.jar:/Users/jhu69/.m2/repository/net/minidev/accessors-smart/1.2/accessors-smart-1.2.jar:/Users/jhu69/.m2/repository/org/ow2/asm/asm/5.0.4/asm-5.0.4.jar:/Users/jhu69/.m2/repository/junit/junit/4.12/junit-4.12.jar:/Users/jhu69/.m2/repository/org/assertj/assertj-core/3.9.1/assertj-core-3.9.1.jar:/Users/jhu69/.m2/repository/org/mockito/mockito-core/2.15.0/mockito-core-2.15.0.jar:/Users/jhu69/.m2/repository/net/bytebuddy/byte-buddy-agent/1.7.11/byte-buddy-agent-1.7.11.jar:/Users/jhu69/.m2/repository/org/objenesis/objenesis/2.6/objenesis-2.6.jar:/Users/jhu69/.m2/repository/org/hamcrest/hamcrest-core/1.3/hamcrest-core-1.3.jar:/Users/jhu69/.m2/repository/org/hamcrest/hamcrest-library/1.3/hamcrest-library-1.3.jar:/Users/jhu69/.m2/repository/org/skyscreamer/jsonassert/1.5.0/jsonassert-1.5.0.jar:/Users/jhu69/.m2/repository/com/vaadin/external/google/android-json/0.0.20131108.vaadin1/android-json-0.0.20131108.vaadin1.jar:/Users/jhu69/.m2/repository/org/springframework/spring-core/5.0.9.RELEASE/spring-core-5.0.9.RELEASE.jar:/Users/jhu69/.m2/repository/org/springframework/spring-jcl/5.0.9.RELEASE/spring-jcl-5.0.9.RELEASE.jar:/Users/jhu69/.m2/repository/org/springframework/spring-test/5.0.9.RELEASE/spring-test-5.0.9.RELEASE.jar:/Users/jhu69/.m2/repository/org/xmlunit/xmlunit-core/2.5.1/xmlunit-core-2.5.1.jar:/Users/jhu69/.m2/repository/org/hibernate/hibernate-core/5.2.17.Final/hibernate-core-5.2.17.Final.jar:/Users/jhu69/.m2/repository/org/jboss/logging/jboss-logging/3.3.2.Final/jboss-logging-3.3.2.Final.jar:/Users/jhu69/.m2/repository/org/hibernate/javax/persistence/hibernate-jpa-2.1-api/1.0.2.Final/hibernate-jpa-2.1-api-1.0.2.Final.jar:/Users/jhu69/.m2/repository/org/javassist/javassist/3.22.0-GA/javassist-3.22.0-GA.jar:/Users/jhu69/.m2/repository/antlr/antlr/2.7.7/antlr-2.7.7.jar:/Users/jhu69/.m2/repository/org/jboss/spec/javax/transaction/jboss-transaction-api_1.2_spec/1.0.1.Final/jboss-transaction-api_1.2_spec-1.0.1.Final.jar:/Users/jhu69/.m2/repository/org/jboss/jandex/2.0.3.Final/jandex-2.0.3.Final.jar:/Users/jhu69/.m2/repository/com/fasterxml/classmate/1.3.4/classmate-1.3.4.jar:/Users/jhu69/.m2/repository/dom4j/dom4j/1.6.1/dom4j-1.6.1.jar:/Users/jhu69/.m2/repository/org/hibernate/common/hibernate-commons-annotations/5.0.1.Final/hibernate-commons-annotations-5.0.1.Final.jar:/Users/jhu69/.m2/repository/org/springframework/boot/spring-boot-starter-actuator/2.0.5.RELEASE/spring-boot-starter-actuator-2.0.5.RELEASE.jar:/Users/jhu69/.m2/repository/org/springframework/boot/spring-boot-actuator-autoconfigure/2.0.5.RELEASE/spring-boot-actuator-autoconfigure-2.0.5.RELEASE.jar:/Users/jhu69/.m2/repository/org/springframework/boot/spring-boot-actuator/2.0.5.RELEASE/spring-boot-actuator-2.0.5.RELEASE.jar:/Users/jhu69/.m2/repository/io/micrometer/micrometer-core/1.0.6/micrometer-core-1.0.6.jar:/Users/jhu69/.m2/repository/org/hdrhistogram/HdrHistogram/2.1.10/HdrHistogram-2.1.10.jar:/Users/jhu69/.m2/repository/org/latencyutils/LatencyUtils/2.0.3/LatencyUtils-2.0.3.jar:/Users/jhu69/.m2/repository/org/hibernate/hibernate-entitymanager/5.2.17.Final/hibernate-entitymanager-5.2.17.Final.jar:/Users/jhu69/.m2/repository/net/bytebuddy/byte-buddy/1.7.11/byte-buddy-1.7.11.jar:, sun.cpu.endian=little, user.home=/Users/jhu69, user.language=en, java.specification.vendor=Oracle Corporation, java.version.date=2018-07-17, java.home=/Library/Java/JavaVirtualMachines/jdk-10.0.2.jdk/Contents/Home, file.separator=/, basedir=/Users/jhu69/Desktop/ECSE_321/Sprint_1/SpringBootBackend, java.vm.compressedOopsMode=Zero based, line.separator=
, java.specification.name=Java Platform API Specification, java.vm.specification.vendor=Oracle Corporation, java.awt.graphicsenv=sun.awt.CGraphicsEnvironment, surefire.real.class.path=/Users/jhu69/Desktop/ECSE_321/Sprint_1/SpringBootBackend/target/surefire/surefirebooter11211360325030662288.jar, sun.management.compiler=HotSpot 64-Bit Tiered Compilers, ftp.nonProxyHosts=local|*.local|169.254/16|*.169.254/16, java.runtime.version=10.0.2+13, user.name=jhu69, path.separator=:, os.version=10.13.6, java.runtime.name=Java(TM) SE Runtime Environment, file.encoding=UTF-8, java.vm.name=Java HotSpot(TM) 64-Bit Server VM, java.vendor.version=18.3, localRepository=/Users/jhu69/.m2/repository, java.vendor.url.bug=http://bugreport.java.com/bugreport/, java.io.tmpdir=/var/folders/qn/yy659h_n2rbcj50qrj3cgmwm0000gn/T/, java.version=10.0.2, user.dir=/Users/jhu69/Desktop/ECSE_321/Sprint_1/SpringBootBackend, os.arch=x86_64, java.vm.specification.name=Java Virtual Machine Specification, java.awt.printerjob=sun.lwawt.macosx.CPrinterJob, sun.os.patch.level=unknown, java.library.path=/Users/jhu69/Library/Java/Extensions:/Library/Java/Extensions:/Network/Library/Java/Extensions:/System/Library/Java/Extensions:/usr/lib/java:., java.vendor=Oracle Corporation, java.vm.info=mixed mode, java.vm.version=10.0.2+13, sun.io.unicode.encoding=UnicodeBig, java.class.version=54.0, socksNonProxyHosts=local|*.local|169.254/16|*.169.254/16}}, SystemEnvironmentPropertySource@462773420 {name='systemEnvironment', properties={PATH=/usr/local/bin:/usr/bin:/bin:/usr/sbin:/sbin, JAVA_HOME=/Library/Java/JavaVirtualMachines/jdk-10.0.2.jdk/Contents/Home, TERM=xterm-256color, LANG=en_CA.UTF-8, LOGNAME=jhu69, XPC_SERVICE_NAME=0, PWD=/Users/jhu69/Desktop/ECSE_321/Sprint_1/SpringBootBackend, TERM_PROGRAM_VERSION=404, MAVEN_CMD_LINE_ARGS= clean install, _=/Library/Java/JavaVirtualMachines/jdk-10.0.2.jdk/Contents/Home/bin/java, SHELL=/bin/bash, TERM_PROGRAM=Apple_Terminal, MAVEN_PROJECTBASEDIR=/Users/jhu69/Desktop/ECSE_321/sprint_1/SpringBootBackend, OLDPWD=/Users/jhu69/Desktop/ECSE_321/sprint_1/SpringBootBackend, USER=jhu69, TMPDIR=/var/folders/qn/yy659h_n2rbcj50qrj3cgmwm0000gn/T/, SSH_AUTH_SOCK=/private/tmp/com.apple.launchd.9uRWFPjfKN/Listeners, XPC_FLAGS=0x0, TERM_SESSION_ID=9D7F113A-6462-442C-83E2-092790C79E0B, __CF_USER_TEXT_ENCODING=0x1F5:0x0:0x52, Apple_PubSub_Socket_Render=/private/tmp/com.apple.launchd.8SSlT1833P/Render, JAVA_MAIN_CLASS_35356=org.codehaus.plexus.classworlds.launcher.Launcher, HOME=/Users/jhu69, SHLVL=2, JAVA_MAIN_CLASS_35377=org.apache.maven.surefire.booter.ForkedBooter}}]
16:42:04.825 [main] DEBUG org.springframework.test.context.support.TestPropertySourceUtils - Adding inlined properties to environment: {spring.jmx.enabled=false, org.springframework.boot.test.context.SpringBootTestContextBootstrapper=true, server.port=-1}
16:42:04.826 [main] DEBUG org.springframework.core.env.StandardEnvironment - Adding PropertySource 'Inlined Test Properties' with highest search precedence

  .   ____          _            __ _ _
 /\\ / ___'_ __ _ _(_)_ __  __ _ \ \ \ \
( ( )\___ | '_ | '_| | '_ \/ _` | \ \ \ \
 \\/  ___)| |_)| | | | | || (_| |  ) ) ) )
  '  |____| .__|_| |_|_| |_\__, | / / / /
 =========|_|==============|___/=/_/_/_/
 :: Spring Boot ::        (v2.0.5.RELEASE)

2018-10-24 16:42:05.315  INFO 35377 --- [           main] .m.e.e.EventregistrationApplicationTests : Starting EventregistrationApplicationTests on wpa077077.wireless.mcgill.ca with PID 35377 (started by jhu69 in /Users/jhu69/Desktop/ECSE_321/Sprint_1/SpringBootBackend)
2018-10-24 16:42:05.318  INFO 35377 --- [           main] .m.e.e.EventregistrationApplicationTests : No active profile set, falling back to default profiles: default
2018-10-24 16:42:05.368  INFO 35377 --- [           main] o.s.w.c.s.GenericWebApplicationContext   : Refreshing org.springframework.web.context.support.GenericWebApplicationContext@502f1f4c: startup date [Wed Oct 24 16:42:05 EDT 2018]; root of context hierarchy
2018-10-24 16:42:07.284  INFO 35377 --- [           main] trationDelegate$BeanPostProcessorChecker : Bean 'org.springframework.transaction.annotation.ProxyTransactionManagementConfiguration' of type [org.springframework.transaction.annotation.ProxyTransactionManagementConfiguration$$EnhancerBySpringCGLIB$$f3d0e467] is not eligible for getting processed by all BeanPostProcessors (for example: not eligible for auto-proxying)
2018-10-24 16:42:07.754  INFO 35377 --- [           main] com.zaxxer.hikari.HikariDataSource       : HikariPool-1 - Starting...
2018-10-24 16:42:09.451 ERROR 35377 --- [           main] com.zaxxer.hikari.pool.HikariPool        : HikariPool-1 - Exception during pool initialization.

org.postgresql.util.PSQLException: FATAL: role "xgeehnkbtkfuvs" is not permitted to log in
	at org.postgresql.core.v3.QueryExecutorImpl.receiveErrorResponse(QueryExecutorImpl.java:2440) ~[postgresql-42.2.5.jar:42.2.5]
	at org.postgresql.core.v3.QueryExecutorImpl.readStartupMessages(QueryExecutorImpl.java:2559) ~[postgresql-42.2.5.jar:42.2.5]
	at org.postgresql.core.v3.QueryExecutorImpl.<init>(QueryExecutorImpl.java:133) ~[postgresql-42.2.5.jar:42.2.5]
	at org.postgresql.core.v3.ConnectionFactoryImpl.openConnectionImpl(ConnectionFactoryImpl.java:250) ~[postgresql-42.2.5.jar:42.2.5]
	at org.postgresql.core.ConnectionFactory.openConnection(ConnectionFactory.java:49) ~[postgresql-42.2.5.jar:42.2.5]
	at org.postgresql.jdbc.PgConnection.<init>(PgConnection.java:195) ~[postgresql-42.2.5.jar:42.2.5]
	at org.postgresql.Driver.makeConnection(Driver.java:454) ~[postgresql-42.2.5.jar:42.2.5]
	at org.postgresql.Driver.connect(Driver.java:256) ~[postgresql-42.2.5.jar:42.2.5]
	at com.zaxxer.hikari.util.DriverDataSource.getConnection(DriverDataSource.java:117) ~[HikariCP-2.7.9.jar:na]
	at com.zaxxer.hikari.util.DriverDataSource.getConnection(DriverDataSource.java:123) ~[HikariCP-2.7.9.jar:na]
	at com.zaxxer.hikari.pool.PoolBase.newConnection(PoolBase.java:365) ~[HikariCP-2.7.9.jar:na]
	at com.zaxxer.hikari.pool.PoolBase.newPoolEntry(PoolBase.java:194) ~[HikariCP-2.7.9.jar:na]
	at com.zaxxer.hikari.pool.HikariPool.createPoolEntry(HikariPool.java:460) [HikariCP-2.7.9.jar:na]
	at com.zaxxer.hikari.pool.HikariPool.checkFailFast(HikariPool.java:534) [HikariCP-2.7.9.jar:na]
	at com.zaxxer.hikari.pool.HikariPool.<init>(HikariPool.java:115) [HikariCP-2.7.9.jar:na]
	at com.zaxxer.hikari.HikariDataSource.getConnection(HikariDataSource.java:112) [HikariCP-2.7.9.jar:na]
	at org.springframework.jdbc.datasource.DataSourceUtils.fetchConnection(DataSourceUtils.java:151) [spring-jdbc-5.0.9.RELEASE.jar:5.0.9.RELEASE]
	at org.springframework.jdbc.datasource.DataSourceUtils.doGetConnection(DataSourceUtils.java:115) [spring-jdbc-5.0.9.RELEASE.jar:5.0.9.RELEASE]
	at org.springframework.jdbc.datasource.DataSourceUtils.getConnection(DataSourceUtils.java:78) [spring-jdbc-5.0.9.RELEASE.jar:5.0.9.RELEASE]
	at org.springframework.jdbc.support.JdbcUtils.extractDatabaseMetaData(JdbcUtils.java:319) [spring-jdbc-5.0.9.RELEASE.jar:5.0.9.RELEASE]
	at org.springframework.jdbc.support.JdbcUtils.extractDatabaseMetaData(JdbcUtils.java:356) [spring-jdbc-5.0.9.RELEASE.jar:5.0.9.RELEASE]
	at org.springframework.boot.autoconfigure.orm.jpa.DatabaseLookup.getDatabase(DatabaseLookup.java:72) [spring-boot-autoconfigure-2.0.5.RELEASE.jar:2.0.5.RELEASE]
	at org.springframework.boot.autoconfigure.orm.jpa.JpaProperties.determineDatabase(JpaProperties.java:166) [spring-boot-autoconfigure-2.0.5.RELEASE.jar:2.0.5.RELEASE]
	at org.springframework.boot.autoconfigure.orm.jpa.JpaBaseConfiguration.jpaVendorAdapter(JpaBaseConfiguration.java:111) [spring-boot-autoconfigure-2.0.5.RELEASE.jar:2.0.5.RELEASE]
	at org.springframework.boot.autoconfigure.orm.jpa.HibernateJpaConfiguration$$EnhancerBySpringCGLIB$$12a7a6d6.CGLIB$jpaVendorAdapter$8(<generated>) [spring-boot-autoconfigure-2.0.5.RELEASE.jar:2.0.5.RELEASE]
	at org.springframework.boot.autoconfigure.orm.jpa.HibernateJpaConfiguration$$EnhancerBySpringCGLIB$$12a7a6d6$$FastClassBySpringCGLIB$$5e2a4f0d.invoke(<generated>) [spring-boot-autoconfigure-2.0.5.RELEASE.jar:2.0.5.RELEASE]
	at org.springframework.cglib.proxy.MethodProxy.invokeSuper(MethodProxy.java:228) [spring-core-5.0.9.RELEASE.jar:5.0.9.RELEASE]
	at org.springframework.context.annotation.ConfigurationClassEnhancer$BeanMethodInterceptor.intercept(ConfigurationClassEnhancer.java:365) [spring-context-5.0.9.RELEASE.jar:5.0.9.RELEASE]
	at org.springframework.boot.autoconfigure.orm.jpa.HibernateJpaConfiguration$$EnhancerBySpringCGLIB$$12a7a6d6.jpaVendorAdapter(<generated>) [spring-boot-autoconfigure-2.0.5.RELEASE.jar:2.0.5.RELEASE]
	at java.base/jdk.internal.reflect.NativeMethodAccessorImpl.invoke0(Native Method) ~[na:na]
	at java.base/jdk.internal.reflect.NativeMethodAccessorImpl.invoke(NativeMethodAccessorImpl.java:62) ~[na:na]
	at java.base/jdk.internal.reflect.DelegatingMethodAccessorImpl.invoke(DelegatingMethodAccessorImpl.java:43) ~[na:na]
	at java.base/java.lang.reflect.Method.invoke(Method.java:564) ~[na:na]
	at org.springframework.beans.factory.support.SimpleInstantiationStrategy.instantiate(SimpleInstantiationStrategy.java:154) [spring-beans-5.0.9.RELEASE.jar:5.0.9.RELEASE]
	at org.springframework.beans.factory.support.ConstructorResolver.instantiateUsingFactoryMethod(ConstructorResolver.java:582) [spring-beans-5.0.9.RELEASE.jar:5.0.9.RELEASE]
	at org.springframework.beans.factory.support.AbstractAutowireCapableBeanFactory.instantiateUsingFactoryMethod(AbstractAutowireCapableBeanFactory.java:1247) [spring-beans-5.0.9.RELEASE.jar:5.0.9.RELEASE]
	at org.springframework.beans.factory.support.AbstractAutowireCapableBeanFactory.createBeanInstance(AbstractAutowireCapableBeanFactory.java:1096) [spring-beans-5.0.9.RELEASE.jar:5.0.9.RELEASE]
	at org.springframework.beans.factory.support.AbstractAutowireCapableBeanFactory.doCreateBean(AbstractAutowireCapableBeanFactory.java:535) [spring-beans-5.0.9.RELEASE.jar:5.0.9.RELEASE]
	at org.springframework.beans.factory.support.AbstractAutowireCapableBeanFactory.createBean(AbstractAutowireCapableBeanFactory.java:495) [spring-beans-5.0.9.RELEASE.jar:5.0.9.RELEASE]
	at org.springframework.beans.factory.support.AbstractBeanFactory.lambda$doGetBean$0(AbstractBeanFactory.java:317) [spring-beans-5.0.9.RELEASE.jar:5.0.9.RELEASE]
	at org.springframework.beans.factory.support.DefaultSingletonBeanRegistry.getSingleton(DefaultSingletonBeanRegistry.java:222) ~[spring-beans-5.0.9.RELEASE.jar:5.0.9.RELEASE]
	at org.springframework.beans.factory.support.AbstractBeanFactory.doGetBean(AbstractBeanFactory.java:315) [spring-beans-5.0.9.RELEASE.jar:5.0.9.RELEASE]
	at org.springframework.beans.factory.support.AbstractBeanFactory.getBean(AbstractBeanFactory.java:199) [spring-beans-5.0.9.RELEASE.jar:5.0.9.RELEASE]
	at org.springframework.beans.factory.config.DependencyDescriptor.resolveCandidate(DependencyDescriptor.java:251) ~[spring-beans-5.0.9.RELEASE.jar:5.0.9.RELEASE]
	at org.springframework.beans.factory.support.DefaultListableBeanFactory.doResolveDependency(DefaultListableBeanFactory.java:1135) ~[spring-beans-5.0.9.RELEASE.jar:5.0.9.RELEASE]
	at org.springframework.beans.factory.support.DefaultListableBeanFactory.resolveDependency(DefaultListableBeanFactory.java:1062) ~[spring-beans-5.0.9.RELEASE.jar:5.0.9.RELEASE]
	at org.springframework.beans.factory.support.ConstructorResolver.resolveAutowiredArgument(ConstructorResolver.java:818) [spring-beans-5.0.9.RELEASE.jar:5.0.9.RELEASE]
	at org.springframework.beans.factory.support.ConstructorResolver.createArgumentArray(ConstructorResolver.java:724) [spring-beans-5.0.9.RELEASE.jar:5.0.9.RELEASE]
	at org.springframework.beans.factory.support.ConstructorResolver.instantiateUsingFactoryMethod(ConstructorResolver.java:474) [spring-beans-5.0.9.RELEASE.jar:5.0.9.RELEASE]
	at org.springframework.beans.factory.support.AbstractAutowireCapableBeanFactory.instantiateUsingFactoryMethod(AbstractAutowireCapableBeanFactory.java:1247) [spring-beans-5.0.9.RELEASE.jar:5.0.9.RELEASE]
	at org.springframework.beans.factory.support.AbstractAutowireCapableBeanFactory.createBeanInstance(AbstractAutowireCapableBeanFactory.java:1096) [spring-beans-5.0.9.RELEASE.jar:5.0.9.RELEASE]
	at org.springframework.beans.factory.support.AbstractAutowireCapableBeanFactory.doCreateBean(AbstractAutowireCapableBeanFactory.java:535) [spring-beans-5.0.9.RELEASE.jar:5.0.9.RELEASE]
	at org.springframework.beans.factory.support.AbstractAutowireCapableBeanFactory.createBean(AbstractAutowireCapableBeanFactory.java:495) [spring-beans-5.0.9.RELEASE.jar:5.0.9.RELEASE]
	at org.springframework.beans.factory.support.AbstractBeanFactory.lambda$doGetBean$0(AbstractBeanFactory.java:317) [spring-beans-5.0.9.RELEASE.jar:5.0.9.RELEASE]
	at org.springframework.beans.factory.support.DefaultSingletonBeanRegistry.getSingleton(DefaultSingletonBeanRegistry.java:222) ~[spring-beans-5.0.9.RELEASE.jar:5.0.9.RELEASE]
	at org.springframework.beans.factory.support.AbstractBeanFactory.doGetBean(AbstractBeanFactory.java:315) [spring-beans-5.0.9.RELEASE.jar:5.0.9.RELEASE]
	at org.springframework.beans.factory.support.AbstractBeanFactory.getBean(AbstractBeanFactory.java:199) [spring-beans-5.0.9.RELEASE.jar:5.0.9.RELEASE]
	at org.springframework.beans.factory.config.DependencyDescriptor.resolveCandidate(DependencyDescriptor.java:251) ~[spring-beans-5.0.9.RELEASE.jar:5.0.9.RELEASE]
	at org.springframework.beans.factory.support.DefaultListableBeanFactory.doResolveDependency(DefaultListableBeanFactory.java:1135) ~[spring-beans-5.0.9.RELEASE.jar:5.0.9.RELEASE]
	at org.springframework.beans.factory.support.DefaultListableBeanFactory.resolveDependency(DefaultListableBeanFactory.java:1062) ~[spring-beans-5.0.9.RELEASE.jar:5.0.9.RELEASE]
	at org.springframework.beans.factory.support.ConstructorResolver.resolveAutowiredArgument(ConstructorResolver.java:818) [spring-beans-5.0.9.RELEASE.jar:5.0.9.RELEASE]
	at org.springframework.beans.factory.support.ConstructorResolver.createArgumentArray(ConstructorResolver.java:724) [spring-beans-5.0.9.RELEASE.jar:5.0.9.RELEASE]
	at org.springframework.beans.factory.support.ConstructorResolver.instantiateUsingFactoryMethod(ConstructorResolver.java:474) [spring-beans-5.0.9.RELEASE.jar:5.0.9.RELEASE]
	at org.springframework.beans.factory.support.AbstractAutowireCapableBeanFactory.instantiateUsingFactoryMethod(AbstractAutowireCapableBeanFactory.java:1247) [spring-beans-5.0.9.RELEASE.jar:5.0.9.RELEASE]
	at org.springframework.beans.factory.support.AbstractAutowireCapableBeanFactory.createBeanInstance(AbstractAutowireCapableBeanFactory.java:1096) [spring-beans-5.0.9.RELEASE.jar:5.0.9.RELEASE]
	at org.springframework.beans.factory.support.AbstractAutowireCapableBeanFactory.doCreateBean(AbstractAutowireCapableBeanFactory.java:535) [spring-beans-5.0.9.RELEASE.jar:5.0.9.RELEASE]
	at org.springframework.beans.factory.support.AbstractAutowireCapableBeanFactory.createBean(AbstractAutowireCapableBeanFactory.java:495) [spring-beans-5.0.9.RELEASE.jar:5.0.9.RELEASE]
	at org.springframework.beans.factory.support.AbstractBeanFactory.lambda$doGetBean$0(AbstractBeanFactory.java:317) [spring-beans-5.0.9.RELEASE.jar:5.0.9.RELEASE]
	at org.springframework.beans.factory.support.DefaultSingletonBeanRegistry.getSingleton(DefaultSingletonBeanRegistry.java:222) ~[spring-beans-5.0.9.RELEASE.jar:5.0.9.RELEASE]
	at org.springframework.beans.factory.support.AbstractBeanFactory.doGetBean(AbstractBeanFactory.java:315) [spring-beans-5.0.9.RELEASE.jar:5.0.9.RELEASE]
	at org.springframework.beans.factory.support.AbstractBeanFactory.getBean(AbstractBeanFactory.java:199) [spring-beans-5.0.9.RELEASE.jar:5.0.9.RELEASE]
	at org.springframework.context.support.AbstractApplicationContext.getBean(AbstractApplicationContext.java:1089) ~[spring-context-5.0.9.RELEASE.jar:5.0.9.RELEASE]
	at org.springframework.context.support.AbstractApplicationContext.finishBeanFactoryInitialization(AbstractApplicationContext.java:859) ~[spring-context-5.0.9.RELEASE.jar:5.0.9.RELEASE]
	at org.springframework.context.support.AbstractApplicationContext.refresh(AbstractApplicationContext.java:550) ~[spring-context-5.0.9.RELEASE.jar:5.0.9.RELEASE]
	at org.springframework.boot.SpringApplication.refresh(SpringApplication.java:780) ~[spring-boot-2.0.5.RELEASE.jar:2.0.5.RELEASE]
	at org.springframework.boot.SpringApplication.refreshContext(SpringApplication.java:412) ~[spring-boot-2.0.5.RELEASE.jar:2.0.5.RELEASE]
	at org.springframework.boot.SpringApplication.run(SpringApplication.java:333) ~[spring-boot-2.0.5.RELEASE.jar:2.0.5.RELEASE]
	at org.springframework.boot.test.context.SpringBootContextLoader.loadContext(SpringBootContextLoader.java:139) ~[spring-boot-test-2.0.5.RELEASE.jar:2.0.5.RELEASE]
	at org.springframework.test.context.cache.DefaultCacheAwareContextLoaderDelegate.loadContextInternal(DefaultCacheAwareContextLoaderDelegate.java:99) ~[spring-test-5.0.9.RELEASE.jar:5.0.9.RELEASE]
	at org.springframework.test.context.cache.DefaultCacheAwareContextLoaderDelegate.loadContext(DefaultCacheAwareContextLoaderDelegate.java:117) ~[spring-test-5.0.9.RELEASE.jar:5.0.9.RELEASE]
	at org.springframework.test.context.support.DefaultTestContext.getApplicationContext(DefaultTestContext.java:108) ~[spring-test-5.0.9.RELEASE.jar:5.0.9.RELEASE]
	at org.springframework.test.context.web.ServletTestExecutionListener.setUpRequestContextIfNecessary(ServletTestExecutionListener.java:190) ~[spring-test-5.0.9.RELEASE.jar:5.0.9.RELEASE]
	at org.springframework.test.context.web.ServletTestExecutionListener.prepareTestInstance(ServletTestExecutionListener.java:132) ~[spring-test-5.0.9.RELEASE.jar:5.0.9.RELEASE]
	at org.springframework.test.context.TestContextManager.prepareTestInstance(TestContextManager.java:246) ~[spring-test-5.0.9.RELEASE.jar:5.0.9.RELEASE]
	at org.springframework.test.context.junit4.SpringJUnit4ClassRunner.createTest(SpringJUnit4ClassRunner.java:227) ~[spring-test-5.0.9.RELEASE.jar:5.0.9.RELEASE]
	at org.springframework.test.context.junit4.SpringJUnit4ClassRunner$1.runReflectiveCall(SpringJUnit4ClassRunner.java:289) ~[spring-test-5.0.9.RELEASE.jar:5.0.9.RELEASE]
	at org.junit.internal.runners.model.ReflectiveCallable.run(ReflectiveCallable.java:12) ~[junit-4.12.jar:4.12]
	at org.springframework.test.context.junit4.SpringJUnit4ClassRunner.methodBlock(SpringJUnit4ClassRunner.java:291) ~[spring-test-5.0.9.RELEASE.jar:5.0.9.RELEASE]
	at org.springframework.test.context.junit4.SpringJUnit4ClassRunner.runChild(SpringJUnit4ClassRunner.java:246) ~[spring-test-5.0.9.RELEASE.jar:5.0.9.RELEASE]
	at org.springframework.test.context.junit4.SpringJUnit4ClassRunner.runChild(SpringJUnit4ClassRunner.java:97) ~[spring-test-5.0.9.RELEASE.jar:5.0.9.RELEASE]
	at org.junit.runners.ParentRunner$3.run(ParentRunner.java:290) ~[junit-4.12.jar:4.12]
	at org.junit.runners.ParentRunner$1.schedule(ParentRunner.java:71) ~[junit-4.12.jar:4.12]
	at org.junit.runners.ParentRunner.runChildren(ParentRunner.java:288) ~[junit-4.12.jar:4.12]
	at org.junit.runners.ParentRunner.access$000(ParentRunner.java:58) ~[junit-4.12.jar:4.12]
	at org.junit.runners.ParentRunner$2.evaluate(ParentRunner.java:268) ~[junit-4.12.jar:4.12]
	at org.springframework.test.context.junit4.statements.RunBeforeTestClassCallbacks.evaluate(RunBeforeTestClassCallbacks.java:61) ~[spring-test-5.0.9.RELEASE.jar:5.0.9.RELEASE]
	at org.springframework.test.context.junit4.statements.RunAfterTestClassCallbacks.evaluate(RunAfterTestClassCallbacks.java:70) ~[spring-test-5.0.9.RELEASE.jar:5.0.9.RELEASE]
	at org.junit.runners.ParentRunner.run(ParentRunner.java:363) ~[junit-4.12.jar:4.12]
	at org.springframework.test.context.junit4.SpringJUnit4ClassRunner.run(SpringJUnit4ClassRunner.java:190) ~[spring-test-5.0.9.RELEASE.jar:5.0.9.RELEASE]
	at org.apache.maven.surefire.junit4.JUnit4Provider.execute(JUnit4Provider.java:365) ~[surefire-junit4-2.21.0.jar:2.21.0]
	at org.apache.maven.surefire.junit4.JUnit4Provider.executeWithRerun(JUnit4Provider.java:273) ~[surefire-junit4-2.21.0.jar:2.21.0]
	at org.apache.maven.surefire.junit4.JUnit4Provider.executeTestSet(JUnit4Provider.java:238) ~[surefire-junit4-2.21.0.jar:2.21.0]
	at org.apache.maven.surefire.junit4.JUnit4Provider.invoke(JUnit4Provider.java:159) ~[surefire-junit4-2.21.0.jar:2.21.0]
	at org.apache.maven.surefire.booter.ForkedBooter.invokeProviderInSameClassLoader(ForkedBooter.java:379) ~[surefire-booter-2.21.0.jar:2.21.0]
	at org.apache.maven.surefire.booter.ForkedBooter.runSuitesInProcess(ForkedBooter.java:340) ~[surefire-booter-2.21.0.jar:2.21.0]
	at org.apache.maven.surefire.booter.ForkedBooter.execute(ForkedBooter.java:125) ~[surefire-booter-2.21.0.jar:2.21.0]
	at org.apache.maven.surefire.booter.ForkedBooter.main(ForkedBooter.java:413) ~[surefire-booter-2.21.0.jar:2.21.0]

2018-10-24 16:42:09.456  WARN 35377 --- [           main] o.s.b.a.orm.jpa.DatabaseLookup           : Unable to determine jdbc url from datasource

org.springframework.jdbc.support.MetaDataAccessException: Could not get Connection for extracting meta-data; nested exception is org.springframework.jdbc.CannotGetJdbcConnectionException: Failed to obtain JDBC Connection; nested exception is org.postgresql.util.PSQLException: FATAL: role "xgeehnkbtkfuvs" is not permitted to log in
	at org.springframework.jdbc.support.JdbcUtils.extractDatabaseMetaData(JdbcUtils.java:328) ~[spring-jdbc-5.0.9.RELEASE.jar:5.0.9.RELEASE]
	at org.springframework.jdbc.support.JdbcUtils.extractDatabaseMetaData(JdbcUtils.java:356) ~[spring-jdbc-5.0.9.RELEASE.jar:5.0.9.RELEASE]
	at org.springframework.boot.autoconfigure.orm.jpa.DatabaseLookup.getDatabase(DatabaseLookup.java:72) ~[spring-boot-autoconfigure-2.0.5.RELEASE.jar:2.0.5.RELEASE]
	at org.springframework.boot.autoconfigure.orm.jpa.JpaProperties.determineDatabase(JpaProperties.java:166) [spring-boot-autoconfigure-2.0.5.RELEASE.jar:2.0.5.RELEASE]
	at org.springframework.boot.autoconfigure.orm.jpa.JpaBaseConfiguration.jpaVendorAdapter(JpaBaseConfiguration.java:111) [spring-boot-autoconfigure-2.0.5.RELEASE.jar:2.0.5.RELEASE]
	at org.springframework.boot.autoconfigure.orm.jpa.HibernateJpaConfiguration$$EnhancerBySpringCGLIB$$12a7a6d6.CGLIB$jpaVendorAdapter$8(<generated>) [spring-boot-autoconfigure-2.0.5.RELEASE.jar:2.0.5.RELEASE]
	at org.springframework.boot.autoconfigure.orm.jpa.HibernateJpaConfiguration$$EnhancerBySpringCGLIB$$12a7a6d6$$FastClassBySpringCGLIB$$5e2a4f0d.invoke(<generated>) [spring-boot-autoconfigure-2.0.5.RELEASE.jar:2.0.5.RELEASE]
	at org.springframework.cglib.proxy.MethodProxy.invokeSuper(MethodProxy.java:228) [spring-core-5.0.9.RELEASE.jar:5.0.9.RELEASE]
	at org.springframework.context.annotation.ConfigurationClassEnhancer$BeanMethodInterceptor.intercept(ConfigurationClassEnhancer.java:365) [spring-context-5.0.9.RELEASE.jar:5.0.9.RELEASE]
	at org.springframework.boot.autoconfigure.orm.jpa.HibernateJpaConfiguration$$EnhancerBySpringCGLIB$$12a7a6d6.jpaVendorAdapter(<generated>) [spring-boot-autoconfigure-2.0.5.RELEASE.jar:2.0.5.RELEASE]
	at java.base/jdk.internal.reflect.NativeMethodAccessorImpl.invoke0(Native Method) ~[na:na]
	at java.base/jdk.internal.reflect.NativeMethodAccessorImpl.invoke(NativeMethodAccessorImpl.java:62) ~[na:na]
	at java.base/jdk.internal.reflect.DelegatingMethodAccessorImpl.invoke(DelegatingMethodAccessorImpl.java:43) ~[na:na]
	at java.base/java.lang.reflect.Method.invoke(Method.java:564) ~[na:na]
	at org.springframework.beans.factory.support.SimpleInstantiationStrategy.instantiate(SimpleInstantiationStrategy.java:154) [spring-beans-5.0.9.RELEASE.jar:5.0.9.RELEASE]
	at org.springframework.beans.factory.support.ConstructorResolver.instantiateUsingFactoryMethod(ConstructorResolver.java:582) [spring-beans-5.0.9.RELEASE.jar:5.0.9.RELEASE]
	at org.springframework.beans.factory.support.AbstractAutowireCapableBeanFactory.instantiateUsingFactoryMethod(AbstractAutowireCapableBeanFactory.java:1247) [spring-beans-5.0.9.RELEASE.jar:5.0.9.RELEASE]
	at org.springframework.beans.factory.support.AbstractAutowireCapableBeanFactory.createBeanInstance(AbstractAutowireCapableBeanFactory.java:1096) [spring-beans-5.0.9.RELEASE.jar:5.0.9.RELEASE]
	at org.springframework.beans.factory.support.AbstractAutowireCapableBeanFactory.doCreateBean(AbstractAutowireCapableBeanFactory.java:535) [spring-beans-5.0.9.RELEASE.jar:5.0.9.RELEASE]
	at org.springframework.beans.factory.support.AbstractAutowireCapableBeanFactory.createBean(AbstractAutowireCapableBeanFactory.java:495) [spring-beans-5.0.9.RELEASE.jar:5.0.9.RELEASE]
	at org.springframework.beans.factory.support.AbstractBeanFactory.lambda$doGetBean$0(AbstractBeanFactory.java:317) [spring-beans-5.0.9.RELEASE.jar:5.0.9.RELEASE]
	at org.springframework.beans.factory.support.DefaultSingletonBeanRegistry.getSingleton(DefaultSingletonBeanRegistry.java:222) ~[spring-beans-5.0.9.RELEASE.jar:5.0.9.RELEASE]
	at org.springframework.beans.factory.support.AbstractBeanFactory.doGetBean(AbstractBeanFactory.java:315) [spring-beans-5.0.9.RELEASE.jar:5.0.9.RELEASE]
[...]
	name: default
	...]
2018-10-24 16:42:09.650  INFO 35377 --- [           main] org.hibernate.Version                    : HHH000412: Hibernate Core {5.2.17.Final}
2018-10-24 16:42:09.652  INFO 35377 --- [           main] org.hibernate.cfg.Environment            : HHH000206: hibernate.properties not found
2018-10-24 16:42:09.671  WARN 35377 --- [           main] o.s.w.c.s.GenericWebApplicationContext   : Exception encountered during context initialization - cancelling refresh attempt: org.springframework.beans.factory.BeanCreationException: Error creating bean with name 'entityManagerFactory' defined in class path resource [org/springframework/boot/autoconfigure/orm/jpa/HibernateJpaConfiguration.class]: Invocation of init method failed; nested exception is java.lang.NoClassDefFoundError: javax/xml/bind/JAXBException
2018-10-24 16:42:09.687  INFO 35377 --- [           main] ConditionEvaluationReportLoggingListener : 

Error starting ApplicationContext. To display the conditions report re-run your application with 'debug' enabled.
2018-10-24 16:42:09.692 ERROR 35377 --- [           main] o.s.boot.SpringApplication               : Application run failed

org.springframework.beans.factory.BeanCreationException: Error creating bean with name 'entityManagerFactory' defined in class path resource [org/springframework/boot/autoconfigure/orm/jpa/HibernateJpaConfiguration.class]: Invocation of init method failed; nested exception is java.lang.NoClassDefFoundError: javax/xml/bind/JAXBException
	at org.springframework.beans.factory.support.AbstractAutowireCapableBeanFactory.initializeBean(AbstractAutowireCapableBeanFactory.java:1699) ~[spring-beans-5.0.9.RELEASE.jar:5.0.9.RELEASE]
	at org.springframework.beans.factory.support.AbstractAutowireCapableBeanFactory.doCreateBean(AbstractAutowireCapableBeanFactory.java:573) ~[spring-beans-5.0.9.RELEASE.jar:5.0.9.RELEASE]
	at org.springframework.beans.factory.support.AbstractAutowireCapableBeanFactory.createBean(AbstractAutowireCapableBeanFactory.java:495) ~[spring-beans-5.0.9.RELEASE.jar:5.0.9.RELEASE]
	at org.springframework.beans.factory.support.AbstractBeanFactory.lambda$doGetBean$0(AbstractBeanFactory.java:317) ~[spring-beans-5.0.9.RELEASE.jar:5.0.9.RELEASE]
	at org.springframework.beans.factory.support.DefaultSingletonBeanRegistry.getSingleton(DefaultSingletonBeanRegistry.java:222) ~[spring-beans-5.0.9.RELEASE.jar:5.0.9.RELEASE]
	at org.springframework.beans.factory.support.AbstractBeanFactory.doGetBean(AbstractBeanFactory.java:315) ~[spring-beans-5.0.9.RELEASE.jar:5.0.9.RELEASE]
	at org.springframework.beans.factory.support.AbstractBeanFactory.getBean(AbstractBeanFactory.java:199) ~[spring-beans-5.0.9.RELEASE.jar:5.0.9.RELEASE]
	at org.springframework.context.support.AbstractApplicationContext.getBean(AbstractApplicationContext.java:1089) ~[spring-context-5.0.9.RELEASE.jar:5.0.9.RELEASE]
	at org.springframework.context.support.AbstractApplicationContext.finishBeanFactoryInitialization(AbstractApplicationContext.java:859) ~[spring-context-5.0.9.RELEASE.jar:5.0.9.RELEASE]
	at org.springframework.context.support.AbstractApplicationContext.refresh(AbstractApplicationContext.java:550) ~[spring-context-5.0.9.RELEASE.jar:5.0.9.RELEASE]
	at org.springframework.boot.SpringApplication.refresh(SpringApplication.java:780) ~[spring-boot-2.0.5.RELEASE.jar:2.0.5.RELEASE]
	at org.springframework.boot.SpringApplication.refreshContext(SpringApplication.java:412) ~[spring-boot-2.0.5.RELEASE.jar:2.0.5.RELEASE]
	at org.springframework.boot.SpringApplication.run(SpringApplication.java:333) ~[spring-boot-2.0.5.RELEASE.jar:2.0.5.RELEASE]
	at org.springframework.boot.test.context.SpringBootContextLoader.loadContext(SpringBootContextLoader.java:139) [spring-boot-test-2.0.5.RELEASE.jar:2.0.5.RELEASE]
	at org.springframework.test.context.cache.DefaultCacheAwareContextLoaderDelegate.loadContextInternal(DefaultCacheAwareContextLoaderDelegate.java:99) [spring-test-5.0.9.RELEASE.jar:5.0.9.RELEASE]
	at org.springframework.test.context.cache.DefaultCacheAwareContextLoaderDelegate.loadContext(DefaultCacheAwareContextLoaderDelegate.java:117) [spring-test-5.0.9.RELEASE.jar:5.0.9.RELEASE]
	at org.springframework.test.context.support.DefaultTestContext.getApplicationContext(DefaultTestContext.java:108) [spring-test-5.0.9.RELEASE.jar:5.0.9.RELEASE]
	at org.springframework.test.context.web.ServletTestExecutionListener.setUpRequestContextIfNecessary(ServletTestExecutionListener.java:190) [spring-test-5.0.9.RELEASE.jar:5.0.9.RELEASE]
	at org.springframework.test.context.web.ServletTestExecutionListener.prepareTestInstance(ServletTestExecutionListener.java:132) [spring-test-5.0.9.RELEASE.jar:5.0.9.RELEASE]
	at org.springframework.test.context.TestContextManager.prepareTestInstance(TestContextManager.java:246) [spring-test-5.0.9.RELEASE.jar:5.0.9.RELEASE]
	at org.springframework.test.context.junit4.SpringJUnit4ClassRunner.createTest(SpringJUnit4ClassRunner.java:227) [spring-test-5.0.9.RELEASE.jar:5.0.9.RELEASE]
	at org.springframework.test.context.junit4.SpringJUnit4ClassRunner$1.runReflectiveCall(SpringJUnit4ClassRunner.java:289) [spring-test-5.0.9.RELEASE.jar:5.0.9.RELEASE]
	at org.junit.internal.runners.model.ReflectiveCallable.run(ReflectiveCallable.java:12) [junit-4.12.jar:4.12]
	at org.springframework.test.context.junit4.SpringJUnit4ClassRunner.methodBlock(SpringJUnit4ClassRunner.java:291) [spring-test-5.0.9.RELEASE.jar:5.0.9.RELEASE]
	at org.springframework.test.context.junit4.SpringJUnit4ClassRunner.runChild(SpringJUnit4ClassRunner.java:246) [spring-test-5.0.9.RELEASE.jar:5.0.9.RELEASE]
	at org.springframework.test.context.junit4.SpringJUnit4ClassRunner.runChild(SpringJUnit4ClassRunner.java:97) [spring-test-5.0.9.RELEASE.jar:5.0.9.RELEASE]
	at org.junit.runners.ParentRunner$3.run(ParentRunner.java:290) [junit-4.12.jar:4.12]
	at org.junit.runners.ParentRunner$1.schedule(ParentRunner.java:71) [junit-4.12.jar:4.12]
	at org.junit.runners.ParentRunner.runChildren(ParentRunner.java:288) [junit-4.12.jar:4.12]
	at org.junit.runners.ParentRunner.access$000(ParentRunner.java:58) [junit-4.12.jar:4.12]
	at org.junit.runners.ParentRunner$2.evaluate(ParentRunner.java:268) [junit-4.12.jar:4.12]
	at org.springframework.test.context.junit4.statements.RunBeforeTestClassCallbacks.evaluate(RunBeforeTestClassCallbacks.java:61) [spring-test-5.0.9.RELEASE.jar:5.0.9.RELEASE]
	at org.springframework.test.context.junit4.statements.RunAfterTestClassCallbacks.evaluate(RunAfterTestClassCallbacks.java:70) [spring-test-5.0.9.RELEASE.jar:5.0.9.RELEASE]
	at org.junit.runners.ParentRunner.run(ParentRunner.java:363) [junit-4.12.jar:4.12]
	at org.springframework.test.context.junit4.SpringJUnit4ClassRunner.run(SpringJUnit4ClassRunner.java:190) [spring-test-5.0.9.RELEASE.jar:5.0.9.RELEASE]
	at org.apache.maven.surefire.junit4.JUnit4Provider.execute(JUnit4Provider.java:365) [surefire-junit4-2.21.0.jar:2.21.0]
	at org.apache.maven.surefire.junit4.JUnit4Provider.executeWithRerun(JUnit4Provider.java:273) [surefire-junit4-2.21.0.jar:2.21.0]
	at org.apache.maven.surefire.junit4.JUnit4Provider.executeTestSet(JUnit4Provider.java:238) [surefire-junit4-2.21.0.jar:2.21.0]
	at org.apache.maven.surefire.junit4.JUnit4Provider.invoke(JUnit4Provider.java:159) [surefire-junit4-2.21.0.jar:2.21.0]
	at org.apache.maven.surefire.booter.ForkedBooter.invokeProviderInSameClassLoader(ForkedBooter.java:379) [surefire-booter-2.21.0.jar:2.21.0]
	at org.apache.maven.surefire.booter.ForkedBooter.runSuitesInProcess(ForkedBooter.java:340) [surefire-booter-2.21.0.jar:2.21.0]
	at org.apache.maven.surefire.booter.ForkedBooter.execute(ForkedBooter.java:125) [surefire-booter-2.21.0.jar:2.21.0]
	at org.apache.maven.surefire.booter.ForkedBooter.main(ForkedBooter.java:413) [surefire-booter-2.21.0.jar:2.21.0]
Caused by: java.lang.NoClassDefFoundError: javax/xml/bind/JAXBException
	at org.hibernate.boot.spi.XmlMappingBinderAccess.<init>(XmlMappingBinderAccess.java:43) ~[hibernate-core-5.2.17.Final.jar:5.2.17.Final]
	at org.hibernate.boot.MetadataSources.<init>(MetadataSources.java:87) ~[hibernate-core-5.2.17.Final.jar:5.2.17.Final]
	at org.hibernate.jpa.boot.internal.EntityManagerFactoryBuilderImpl.<init>(EntityManagerFactoryBuilderImpl.java:209) ~[hibernate-core-5.2.17.Final.jar:5.2.17.Final]
	at org.hibernate.jpa.boot.internal.EntityManagerFactoryBuilderImpl.<init>(EntityManagerFactoryBuilderImpl.java:164) ~[hibernate-core-5.2.17.Final.jar:5.2.17.Final]
	at org.springframework.orm.jpa.vendor.SpringHibernateJpaPersistenceProvider.createContainerEntityManagerFactory(SpringHibernateJpaPersistenceProvider.java:51) ~[spring-orm-5.0.9.RELEASE.jar:5.0.9.RELEASE]
	at org.springframework.orm.jpa.LocalContainerEntityManagerFactoryBean.createNativeEntityManagerFactory(LocalContainerEntityManagerFactoryBean.java:365) ~[spring-orm-5.0.9.RELEASE.jar:5.0.9.RELEASE]
	at org.springframework.orm.jpa.AbstractEntityManagerFactoryBean.buildNativeEntityManagerFactory(AbstractEntityManagerFactoryBean.java:390) ~[spring-orm-5.0.9.RELEASE.jar:5.0.9.RELEASE]
	at org.springframework.orm.jpa.AbstractEntityManagerFactoryBean.afterPropertiesSet(AbstractEntityManagerFactoryBean.java:377) ~[spring-orm-5.0.9.RELEASE.jar:5.0.9.RELEASE]
	at org.springframework.orm.jpa.LocalContainerEntityManagerFactoryBean.afterPropertiesSet(LocalContainerEntityManagerFactoryBean.java:341) ~[spring-orm-5.0.9.RELEASE.jar:5.0.9.RELEASE]
	at org.springframework.beans.factory.support.AbstractAutowireCapableBeanFactory.invokeInitMethods(AbstractAutowireCapableBeanFactory.java:1758) ~[spring-beans-5.0.9.RELEASE.jar:5.0.9.RELEASE]
	at org.springframework.beans.factory.support.AbstractAutowireCapableBeanFactory.initializeBean(AbstractAutowireCapableBeanFactory.java:1695) ~[spring-beans-5.0.9.RELEASE.jar:5.0.9.RELEASE]
	... 42 common frames omitted
Caused by: java.lang.ClassNotFoundException: javax.xml.bind.JAXBException
	at java.base/jdk.internal.loader.BuiltinClassLoader.loadClass(BuiltinClassLoader.java:582) ~[na:na]
	at java.base/jdk.internal.loader.ClassLoaders$AppClassLoader.loadClass(ClassLoaders.java:190) ~[na:na]
	at java.base/java.lang.ClassLoader.loadClass(ClassLoader.java:499) ~[na:na]
	... 53 common frames omitted

2018-10-24 16:42:09.696 ERROR 35377 --- [           main] o.s.test.context.TestContextManager      : Caught exception while allowing TestExecutionListener [org.springframework.test.context.web.ServletTestExecutionListener@26ceffa8] to prepare test instance [ca.mcgill.ecse321.eventregistration.EventregistrationApplicationTests@11d4d979]

java.lang.IllegalStateException: Failed to load ApplicationContext
	at org.springframework.test.context.cache.DefaultCacheAwareContextLoaderDelegate.loadContext(DefaultCacheAwareContextLoaderDelegate.java:125) ~[spring-test-5.0.9.RELEASE.jar:5.0.9.RELEASE]
	at org.springframework.test.context.support.DefaultTestContext.getApplicationContext(DefaultTestContext.java:108) ~[spring-test-5.0.9.RELEASE.jar:5.0.9.RELEASE]
	at org.springframework.test.context.web.ServletTestExecutionListener.setUpRequestContextIfNecessary(ServletTestExecutionListener.java:190) ~[spring-test-5.0.9.RELEASE.jar:5.0.9.RELEASE]
	at org.springframework.test.context.web.ServletTestExecutionListener.prepareTestInstance(ServletTestExecutionListener.java:132) ~[spring-test-5.0.9.RELEASE.jar:5.0.9.RELEASE]
	at org.springframework.test.context.TestContextManager.prepareTestInstance(TestContextManager.java:246) ~[spring-test-5.0.9.RELEASE.jar:5.0.9.RELEASE]
	at org.springframework.test.context.junit4.SpringJUnit4ClassRunner.createTest(SpringJUnit4ClassRunner.java:227) [spring-test-5.0.9.RELEASE.jar:5.0.9.RELEASE]
	at org.springframework.test.context.junit4.SpringJUnit4ClassRunner$1.runReflectiveCall(SpringJUnit4ClassRunner.java:289) [spring-test-5.0.9.RELEASE.jar:5.0.9.RELEASE]
	at org.junit.internal.runners.model.ReflectiveCallable.run(ReflectiveCallable.java:12) [junit-4.12.jar:4.12]
	at org.springframework.test.context.junit4.SpringJUnit4ClassRunner.methodBlock(SpringJUnit4ClassRunner.java:291) [spring-test-5.0.9.RELEASE.jar:5.0.9.RELEASE]
	at org.springframework.test.context.junit4.SpringJUnit4ClassRunner.runChild(SpringJUnit4ClassRunner.java:246) [spring-test-5.0.9.RELEASE.jar:5.0.9.RELEASE]
	at org.springframework.test.context.junit4.SpringJUnit4ClassRunner.runChild(SpringJUnit4ClassRunner.java:97) [spring-test-5.0.9.RELEASE.jar:5.0.9.RELEASE]
	at org.junit.runners.ParentRunner$3.run(ParentRunner.java:290) [junit-4.12.jar:4.12]
	at org.junit.runners.ParentRunner$1.schedule(ParentRunner.java:71) [junit-4.12.jar:4.12]
	at org.junit.runners.ParentRunner.runChildren(ParentRunner.java:288) [junit-4.12.jar:4.12]
	at org.junit.runners.ParentRunner.access$000(ParentRunner.java:58) [junit-4.12.jar:4.12]
	at org.junit.runners.ParentRunner$2.evaluate(ParentRunner.java:268) [junit-4.12.jar:4.12]
	at org.springframework.test.context.junit4.statements.RunBeforeTestClassCallbacks.evaluate(RunBeforeTestClassCallbacks.java:61) [spring-test-5.0.9.RELEASE.jar:5.0.9.RELEASE]
	at org.springframework.test.context.junit4.statements.RunAfterTestClassCallbacks.evaluate(RunAfterTestClassCallbacks.java:70) [spring-test-5.0.9.RELEASE.jar:5.0.9.RELEASE]
	at org.junit.runners.ParentRunner.run(ParentRunner.java:363) [junit-4.12.jar:4.12]
	at org.springframework.test.context.junit4.SpringJUnit4ClassRunner.run(SpringJUnit4ClassRunner.java:190) [spring-test-5.0.9.RELEASE.jar:5.0.9.RELEASE]
	at org.apache.maven.surefire.junit4.JUnit4Provider.execute(JUnit4Provider.java:365) [surefire-junit4-2.21.0.jar:2.21.0]
	at org.apache.maven.surefire.junit4.JUnit4Provider.executeWithRerun(JUnit4Provider.java:273) [surefire-junit4-2.21.0.jar:2.21.0]
	at org.apache.maven.surefire.junit4.JUnit4Provider.executeTestSet(JUnit4Provider.java:238) [surefire-junit4-2.21.0.jar:2.21.0]
	at org.apache.maven.surefire.junit4.JUnit4Provider.invoke(JUnit4Provider.java:159) [surefire-junit4-2.21.0.jar:2.21.0]
	at org.apache.maven.surefire.booter.ForkedBooter.invokeProviderInSameClassLoader(ForkedBooter.java:379) [surefire-booter-2.21.0.jar:2.21.0]
	at org.apache.maven.surefire.booter.ForkedBooter.runSuitesInProcess(ForkedBooter.java:340) [surefire-booter-2.21.0.jar:2.21.0]
	at org.apache.maven.surefire.booter.ForkedBooter.execute(ForkedBooter.java:125) [surefire-booter-2.21.0.jar:2.21.0]
	at org.apache.maven.surefire.booter.ForkedBooter.main(ForkedBooter.java:413) [surefire-booter-2.21.0.jar:2.21.0]
Caused by: org.springframework.beans.factory.BeanCreationException: Error creating bean with name 'entityManagerFactory' defined in class path resource [org/springframework/boot/autoconfigure/orm/jpa/HibernateJpaConfiguration.class]: Invocation of init method failed; nested exception is java.lang.NoClassDefFoundError: javax/xml/bind/JAXBException
	at org.springframework.beans.factory.support.AbstractAutowireCapableBeanFactory.initializeBean(AbstractAutowireCapableBeanFactory.java:1699) ~[spring-beans-5.0.9.RELEASE.jar:5.0.9.RELEASE]
	at org.springframework.beans.factory.support.AbstractAutowireCapableBeanFactory.doCreateBean(AbstractAutowireCapableBeanFactory.java:573) ~[spring-beans-5.0.9.RELEASE.jar:5.0.9.RELEASE]
	at org.springframework.beans.factory.support.AbstractAutowireCapableBeanFactory.createBean(AbstractAutowireCapableBeanFactory.java:495) ~[spring-beans-5.0.9.RELEASE.jar:5.0.9.RELEASE]
	at org.springframework.beans.factory.support.AbstractBeanFactory.lambda$doGetBean$0(AbstractBeanFactory.java:317) ~[spring-beans-5.0.9.RELEASE.jar:5.0.9.RELEASE]
	at org.springframework.beans.factory.support.DefaultSingletonBeanRegistry.getSingleton(DefaultSingletonBeanRegistry.java:222) ~[spring-beans-5.0.9.RELEASE.jar:5.0.9.RELEASE]
	at org.springframework.beans.factory.support.AbstractBeanFactory.doGetBean(AbstractBeanFactory.java:315) ~[spring-beans-5.0.9.RELEASE.jar:5.0.9.RELEASE]
	at org.springframework.beans.factory.support.AbstractBeanFactory.getBean(AbstractBeanFactory.java:199) ~[spring-beans-5.0.9.RELEASE.jar:5.0.9.RELEASE]
	at org.springframework.context.support.AbstractApplicationContext.getBean(AbstractApplicationContext.java:1089) ~[spring-context-5.0.9.RELEASE.jar:5.0.9.RELEASE]
	at org.springframework.context.support.AbstractApplicationContext.finishBeanFactoryInitialization(AbstractApplicationContext.java:859) ~[spring-context-5.0.9.RELEASE.jar:5.0.9.RELEASE]
	at org.springframework.context.support.AbstractApplicationContext.refresh(AbstractApplicationContext.java:550) ~[spring-context-5.0.9.RELEASE.jar:5.0.9.RELEASE]
	at org.springframework.boot.SpringApplication.refresh(SpringApplication.java:780) ~[spring-boot-2.0.5.RELEASE.jar:2.0.5.RELEASE]
	at org.springframework.boot.SpringApplication.refreshContext(SpringApplication.java:412) ~[spring-boot-2.0.5.RELEASE.jar:2.0.5.RELEASE]
	at org.springframework.boot.SpringApplication.run(SpringApplication.java:333) ~[spring-boot-2.0.5.RELEASE.jar:2.0.5.RELEASE]
	at org.springframework.boot.test.context.SpringBootContextLoader.loadContext(SpringBootContextLoader.java:139) ~[spring-boot-test-2.0.5.RELEASE.jar:2.0.5.RELEASE]
	at org.springframework.test.context.cache.DefaultCacheAwareContextLoaderDelegate.loadContextInternal(DefaultCacheAwareContextLoaderDelegate.java:99) ~[spring-test-5.0.9.RELEASE.jar:5.0.9.RELEASE]
	at org.springframework.test.context.cache.DefaultCacheAwareContextLoaderDelegate.loadContext(DefaultCacheAwareContextLoaderDelegate.java:117) ~[spring-test-5.0.9.RELEASE.jar:5.0.9.RELEASE]
	... 27 common frames omitted
Caused by: java.lang.NoClassDefFoundError: javax/xml/bind/JAXBException
	at org.hibernate.boot.spi.XmlMappingBinderAccess.<init>(XmlMappingBinderAccess.java:43) ~[hibernate-core-5.2.17.Final.jar:5.2.17.Final]
	at org.hibernate.boot.MetadataSources.<init>(MetadataSources.java:87) ~[hibernate-core-5.2.17.Final.jar:5.2.17.Final]
	at org.hibernate.jpa.boot.internal.EntityManagerFactoryBuilderImpl.<init>(EntityManagerFactoryBuilderImpl.java:209) ~[hibernate-core-5.2.17.Final.jar:5.2.17.Final]
	at org.hibernate.jpa.boot.internal.EntityManagerFactoryBuilderImpl.<init>(EntityManagerFactoryBuilderImpl.java:164) ~[hibernate-core-5.2.17.Final.jar:5.2.17.Final]
	at org.springframework.orm.jpa.vendor.SpringHibernateJpaPersistenceProvider.createContainerEntityManagerFactory(SpringHibernateJpaPersistenceProvider.java:51) ~[spring-orm-5.0.9.RELEASE.jar:5.0.9.RELEASE]
	at org.springframework.orm.jpa.LocalContainerEntityManagerFactoryBean.createNativeEntityManagerFactory(LocalContainerEntityManagerFactoryBean.java:365) ~[spring-orm-5.0.9.RELEASE.jar:5.0.9.RELEASE]
	at org.springframework.orm.jpa.AbstractEntityManagerFactoryBean.buildNativeEntityManagerFactory(AbstractEntityManagerFactoryBean.java:390) ~[spring-orm-5.0.9.RELEASE.jar:5.0.9.RELEASE]
	at org.springframework.orm.jpa.AbstractEntityManagerFactoryBean.afterPropertiesSet(AbstractEntityManagerFactoryBean.java:377) ~[spring-orm-5.0.9.RELEASE.jar:5.0.9.RELEASE]
	at org.springframework.orm.jpa.LocalContainerEntityManagerFactoryBean.afterPropertiesSet(LocalContainerEntityManagerFactoryBean.java:341) ~[spring-orm-5.0.9.RELEASE.jar:5.0.9.RELEASE]
	at org.springframework.beans.factory.support.AbstractAutowireCapableBeanFactory.invokeInitMethods(AbstractAutowireCapableBeanFactory.java:1758) ~[spring-beans-5.0.9.RELEASE.jar:5.0.9.RELEASE]
	at org.springframework.beans.factory.support.AbstractAutowireCapableBeanFactory.initializeBean(AbstractAutowireCapableBeanFactory.java:1695) ~[spring-beans-5.0.9.RELEASE.jar:5.0.9.RELEASE]
	... 42 common frames omitted
Caused by: java.lang.ClassNotFoundException: javax.xml.bind.JAXBException
	at java.base/jdk.internal.loader.BuiltinClassLoader.loadClass(BuiltinClassLoader.java:582) ~[na:na]
	at java.base/jdk.internal.loader.ClassLoaders$AppClassLoader.loadClass(ClassLoaders.java:190) ~[na:na]
	at java.base/java.lang.ClassLoader.loadClass(ClassLoader.java:499) ~[na:na]
	... 53 common frames omitted

]]></system-out>
  </testcase>
</testsuite>